Starting package update and upgrade...
Get:1 http://archive.ubuntu.com/ubuntu noble InRelease [256 kB]
Get:2 http://archive.ubuntu.com/ubuntu noble-updates InRelease [126 kB]
Get:3 http://archive.ubuntu.com/ubuntu noble-security InRelease [126 kB]
Get:4 http://archive.ubuntu.com/ubuntu noble/main Translation-en [513 kB]
Get:5 http://archive.ubuntu.com/ubuntu noble/main amd64 c-n-f Metadata [30.5 kB]
Get:6 http://archive.ubuntu.com/ubuntu noble/restricted Translation-en [18.7 kB]
Get:7 http://archive.ubuntu.com/ubuntu noble/restricted amd64 c-n-f Metadata [416 B]
Get:8 http://archive.ubuntu.com/ubuntu noble/universe Translation-en [5982 kB]
Get:9 http://archive.ubuntu.com/ubuntu noble/universe amd64 c-n-f Metadata [301 kB]
Get:10 http://archive.ubuntu.com/ubuntu noble/multiverse Translation-en [118 kB]
Get:11 http://archive.ubuntu.com/ubuntu noble/multiverse amd64 c-n-f Metadata [8328 B]
Get:12 http://archive.ubuntu.com/ubuntu noble-updates/main amd64 Packages [266 kB]
Get:13 http://archive.ubuntu.com/ubuntu noble-updates/main Translation-en [70.7 kB]
Get:14 http://archive.ubuntu.com/ubuntu noble-updates/main amd64 c-n-f Metadata [4076 B]
Get:15 http://archive.ubuntu.com/ubuntu noble-updates/restricted amd64 Packages [176 kB]
Get:16 http://archive.ubuntu.com/ubuntu noble-updates/restricted Translation-en [34.4 kB]
Get:17 http://archive.ubuntu.com/ubuntu noble-updates/restricted amd64 c-n-f Metadata [416 B]
Get:18 http://archive.ubuntu.com/ubuntu noble-updates/universe amd64 Packages [301 kB]
Get:19 http://archive.ubuntu.com/ubuntu noble-updates/universe Translation-en [127 kB]
Get:20 http://archive.ubuntu.com/ubuntu noble-updates/universe amd64 c-n-f Metadata [7208 B]
Get:21 http://archive.ubuntu.com/ubuntu noble-updates/multiverse amd64 Packages [14.1 kB]
Get:22 http://archive.ubuntu.com/ubuntu noble-updates/multiverse Translation-en [3608 B]
Get:23 http://archive.ubuntu.com/ubuntu noble-updates/multiverse amd64 c-n-f Metadata [532 B]
Get:24 http://archive.ubuntu.com/ubuntu noble-security/main amd64 Packages [229 kB]
Get:25 http://archive.ubuntu.com/ubuntu noble-security/main Translation-en [56.2 kB]
Get:26 http://archive.ubuntu.com/ubuntu noble-security/main amd64 c-n-f Metadata [2680 B]
Get:27 http://archive.ubuntu.com/ubuntu noble-security/restricted amd64 Packages [176 kB]
Get:28 http://archive.ubuntu.com/ubuntu noble-security/restricted Translation-en [34.4 kB]
Get:29 http://archive.ubuntu.com/ubuntu noble-security/restricted amd64 c-n-f Metadata [420 B]
Get:30 http://archive.ubuntu.com/ubuntu noble-security/universe amd64 Packages [239 kB]
Get:31 http://archive.ubuntu.com/ubuntu noble-security/universe Translation-en [104 kB]
Get:32 http://archive.ubuntu.com/ubuntu noble-security/universe amd64 c-n-f Metadata [4564 B]
Get:33 http://archive.ubuntu.com/ubuntu noble-security/multiverse amd64 Packages [10.6 kB]
Get:34 http://archive.ubuntu.com/ubuntu noble-security/multiverse Translation-en [2808 B]
Get:35 http://archive.ubuntu.com/ubuntu noble-security/multiverse amd64 c-n-f Metadata [344 B]
Fetched 9346 kB in 3s (3521 kB/s)
Reading package lists...
Building dependency tree...
45 packages can be upgraded. Run 'apt list --upgradable' to see them.
Reading package lists...
Building dependency tree...
Calculating upgrade...
The following upgrades have been deferred due to phasing:
  xkb-data
The following packages will be upgraded:
  apparmor dhcpcd-base gir1.2-glib-2.0 libapparmor1 libc-bin libc6
  libglib2.0-0t64 libglib2.0-data libnetplan1 libnghttp2-14 libnss-systemd
  libpam-modules libpam-modules-bin libpam-runtime libpam-systemd libpam0g
  libssl3t64 libsystemd-shared libsystemd0 libudev1 locales netplan-generator
  netplan.io openssh-client openssh-server openssh-sftp-server openssl
  python3-distupgrade python3-netplan ssh systemd systemd-dev systemd-resolved
  systemd-sysv systemd-timesyncd tzdata ubuntu-pro-client
  ubuntu-pro-client-l10n ubuntu-release-upgrader-core udev vim-common vim-tiny
  wget xxd
44 upgraded, 0 newly installed, 0 to remove and 1 not upgraded.
18 standard LTS security updates
Need to get 27.2 MB of archives.
After this operation, 390 kB of additional disk space will be used.
Get:1 http://archive.ubuntu.com/ubuntu noble-updates/main amd64 libc6 amd64 2.39-0ubuntu8.2 [3263 kB]
Get:2 http://archive.ubuntu.com/ubuntu noble-updates/main amd64 libc-bin amd64 2.39-0ubuntu8.2 [682 kB]
Get:3 http://archive.ubuntu.com/ubuntu noble-updates/main amd64 libpam0g amd64 1.5.3-5ubuntu5.1 [67.7 kB]
Get:4 http://archive.ubuntu.com/ubuntu noble-updates/main amd64 systemd-timesyncd amd64 255.4-1ubuntu8.2 [35.3 kB]
Get:5 http://archive.ubuntu.com/ubuntu noble-updates/main amd64 libssl3t64 amd64 3.0.13-0ubuntu3.1 [1939 kB]
Get:6 http://archive.ubuntu.com/ubuntu noble-updates/main amd64 systemd-resolved amd64 255.4-1ubuntu8.2 [296 kB]
Get:7 http://archive.ubuntu.com/ubuntu noble-updates/main amd64 libapparmor1 amd64 4.0.1really4.0.0-beta3-0ubuntu0.1 [50.3 kB]
Get:8 http://archive.ubuntu.com/ubuntu noble-updates/main amd64 systemd-dev all 255.4-1ubuntu8.2 [104 kB]
Get:9 http://archive.ubuntu.com/ubuntu noble-updates/main amd64 systemd amd64 255.4-1ubuntu8.2 [3471 kB]
Get:10 http://archive.ubuntu.com/ubuntu noble-updates/main amd64 udev amd64 255.4-1ubuntu8.2 [1873 kB]
Get:11 http://archive.ubuntu.com/ubuntu noble-updates/main amd64 systemd-sysv amd64 255.4-1ubuntu8.2 [11.9 kB]
Get:12 http://archive.ubuntu.com/ubuntu noble-updates/main amd64 libnss-systemd amd64 255.4-1ubuntu8.2 [159 kB]
Get:13 http://archive.ubuntu.com/ubuntu noble-updates/main amd64 libpam-systemd amd64 255.4-1ubuntu8.2 [235 kB]
Get:14 http://archive.ubuntu.com/ubuntu noble-updates/main amd64 libsystemd-shared amd64 255.4-1ubuntu8.2 [2072 kB]
Get:15 http://archive.ubuntu.com/ubuntu noble-updates/main amd64 libudev1 amd64 255.4-1ubuntu8.2 [175 kB]
Get:16 http://archive.ubuntu.com/ubuntu noble-updates/main amd64 libpam-runtime all 1.5.3-5ubuntu5.1 [40.8 kB]
Get:17 http://archive.ubuntu.com/ubuntu noble-updates/main amd64 libsystemd0 amd64 255.4-1ubuntu8.2 [433 kB]
Get:18 http://archive.ubuntu.com/ubuntu noble-updates/main amd64 libpam-modules-bin amd64 1.5.3-5ubuntu5.1 [51.9 kB]
Get:19 http://archive.ubuntu.com/ubuntu noble-updates/main amd64 libpam-modules amd64 1.5.3-5ubuntu5.1 [284 kB]
Get:20 http://archive.ubuntu.com/ubuntu noble-updates/main amd64 openssh-sftp-server amd64 1:9.6p1-3ubuntu13.4 [37.4 kB]
Get:21 http://archive.ubuntu.com/ubuntu noble-updates/main amd64 openssh-server amd64 1:9.6p1-3ubuntu13.4 [509 kB]
Get:22 http://archive.ubuntu.com/ubuntu noble-updates/main amd64 openssh-client amd64 1:9.6p1-3ubuntu13.4 [905 kB]
Get:23 http://archive.ubuntu.com/ubuntu noble-updates/main amd64 dhcpcd-base amd64 1:10.0.6-1ubuntu3.1 [215 kB]
Get:24 http://archive.ubuntu.com/ubuntu noble-updates/main amd64 gir1.2-glib-2.0 amd64 2.80.0-6ubuntu3.1 [183 kB]
Get:25 http://archive.ubuntu.com/ubuntu noble-updates/main amd64 libglib2.0-0t64 amd64 2.80.0-6ubuntu3.1 [1546 kB]
Get:26 http://archive.ubuntu.com/ubuntu noble-updates/main amd64 libglib2.0-data all 2.80.0-6ubuntu3.1 [48.4 kB]
Get:27 http://archive.ubuntu.com/ubuntu noble-updates/main amd64 python3-netplan amd64 1.0-2ubuntu1.2 [22.5 kB]
Get:28 http://archive.ubuntu.com/ubuntu noble-updates/main amd64 netplan-generator amd64 1.0-2ubuntu1.2 [59.5 kB]
Get:29 http://archive.ubuntu.com/ubuntu noble-updates/main amd64 netplan.io amd64 1.0-2ubuntu1.2 [65.9 kB]
Get:30 http://archive.ubuntu.com/ubuntu noble-updates/main amd64 libnetplan1 amd64 1.0-2ubuntu1.2 [124 kB]
Get:31 http://archive.ubuntu.com/ubuntu noble-updates/main amd64 locales all 2.39-0ubuntu8.2 [4235 kB]
Get:32 http://archive.ubuntu.com/ubuntu noble-updates/main amd64 openssl amd64 3.0.13-0ubuntu3.1 [1003 kB]
Get:33 http://archive.ubuntu.com/ubuntu noble-updates/main amd64 tzdata all 2024a-3ubuntu1.1 [273 kB]
Get:34 http://archive.ubuntu.com/ubuntu noble-updates/main amd64 ubuntu-pro-client-l10n amd64 32.3.1~24.04 [19.4 kB]
Get:35 http://archive.ubuntu.com/ubuntu noble-updates/main amd64 ubuntu-pro-client amd64 32.3.1~24.04 [229 kB]
Get:36 http://archive.ubuntu.com/ubuntu noble-updates/main amd64 vim-tiny amd64 2:9.1.0016-1ubuntu7.1 [803 kB]
Get:37 http://archive.ubuntu.com/ubuntu noble-updates/main amd64 vim-common all 2:9.1.0016-1ubuntu7.1 [385 kB]
Get:38 http://archive.ubuntu.com/ubuntu noble-updates/main amd64 xxd amd64 2:9.1.0016-1ubuntu7.1 [62.9 kB]
Get:39 http://archive.ubuntu.com/ubuntu noble-updates/main amd64 apparmor amd64 4.0.1really4.0.0-beta3-0ubuntu0.1 [638 kB]
Get:40 http://archive.ubuntu.com/ubuntu noble-updates/main amd64 libnghttp2-14 amd64 1.59.0-1ubuntu0.1 [74.3 kB]
Get:41 http://archive.ubuntu.com/ubuntu noble-updates/main amd64 ubuntu-release-upgrader-core all 1:24.04.19 [27.3 kB]
Get:42 http://archive.ubuntu.com/ubuntu noble-updates/main amd64 python3-distupgrade all 1:24.04.19 [122 kB]
Get:43 http://archive.ubuntu.com/ubuntu noble-updates/main amd64 wget amd64 1.21.4-1ubuntu4.1 [334 kB]
Get:44 http://archive.ubuntu.com/ubuntu noble-updates/main amd64 ssh all 1:9.6p1-3ubuntu13.4 [4660 B]
Fetched 27.2 MB in 3s (8649 kB/s)
(Reading database ... 
(Reading database ... 5%
(Reading database ... 10%
(Reading database ... 15%
(Reading database ... 20%
(Reading database ... 25%
(Reading database ... 30%
(Reading database ... 35%
(Reading database ... 40%
(Reading database ... 45%
(Reading database ... 50%
(Reading database ... 55%
(Reading database ... 60%
(Reading database ... 65%
(Reading database ... 70%
(Reading database ... 75%
(Reading database ... 80%
(Reading database ... 85%
(Reading database ... 90%
(Reading database ... 95%
(Reading database ... 100%
(Reading database ... 17324 files and directories currently installed.)
Preparing to unpack .../libc6_2.39-0ubuntu8.2_amd64.deb ...
debconf: unable to initialize frontend: Dialog
debconf: (TERM is not set, so the dialog frontend is not usable.)
debconf: falling back to frontend: Readline
debconf: unable to initialize frontend: Readline
debconf: (Can't locate Term/ReadLine.pm in @INC (you may need to install the Term::ReadLine module) (@INC entries checked: /etc/perl /usr/local/lib/x86_64-linux-gnu/perl/5.38.2 /usr/local/share/perl/5.38.2 /usr/lib/x86_64-linux-gnu/perl5/5.38 /usr/share/perl5 /usr/lib/x86_64-linux-gnu/perl-base /usr/lib/x86_64-linux-gnu/perl/5.38 /usr/share/perl/5.38 /usr/local/lib/site_perl) at /usr/share/perl5/Debconf/FrontEnd/Readline.pm line 8.)
debconf: falling back to frontend: Teletype
Unpacking libc6:amd64 (2.39-0ubuntu8.2) over (2.39-0ubuntu8.1) ...
Setting up libc6:amd64 (2.39-0ubuntu8.2) ...
debconf: unable to initialize frontend: Dialog
debconf: (TERM is not set, so the dialog frontend is not usable.)
debconf: falling back to frontend: Readline
debconf: unable to initialize frontend: Readline
debconf: (Can't locate Term/ReadLine.pm in @INC (you may need to install the Term::ReadLine module) (@INC entries checked: /etc/perl /usr/local/lib/x86_64-linux-gnu/perl/5.38.2 /usr/local/share/perl/5.38.2 /usr/lib/x86_64-linux-gnu/perl5/5.38 /usr/share/perl5 /usr/lib/x86_64-linux-gnu/perl-base /usr/lib/x86_64-linux-gnu/perl/5.38 /usr/share/perl/5.38 /usr/local/lib/site_perl) at /usr/share/perl5/Debconf/FrontEnd/Readline.pm line 8.)
debconf: falling back to frontend: Teletype
(Reading database ... 
(Reading database ... 5%
(Reading database ... 10%
(Reading database ... 15%
(Reading database ... 20%
(Reading database ... 25%
(Reading database ... 30%
(Reading database ... 35%
(Reading database ... 40%
(Reading database ... 45%
(Reading database ... 50%
(Reading database ... 55%
(Reading database ... 60%
(Reading database ... 65%
(Reading database ... 70%
(Reading database ... 75%
(Reading database ... 80%
(Reading database ... 85%
(Reading database ... 90%
(Reading database ... 95%
(Reading database ... 100%
(Reading database ... 17324 files and directories currently installed.)
Preparing to unpack .../libc-bin_2.39-0ubuntu8.2_amd64.deb ...
Unpacking libc-bin (2.39-0ubuntu8.2) over (2.39-0ubuntu8.1) ...
Setting up libc-bin (2.39-0ubuntu8.2) ...
(Reading database ... 
(Reading database ... 5%
(Reading database ... 10%
(Reading database ... 15%
(Reading database ... 20%
(Reading database ... 25%
(Reading database ... 30%
(Reading database ... 35%
(Reading database ... 40%
(Reading database ... 45%
(Reading database ... 50%
(Reading database ... 55%
(Reading database ... 60%
(Reading database ... 65%
(Reading database ... 70%
(Reading database ... 75%
(Reading database ... 80%
(Reading database ... 85%
(Reading database ... 90%
(Reading database ... 95%
(Reading database ... 100%
(Reading database ... 17324 files and directories currently installed.)
Preparing to unpack .../libpam0g_1.5.3-5ubuntu5.1_amd64.deb ...
Unpacking libpam0g:amd64 (1.5.3-5ubuntu5.1) over (1.5.3-5ubuntu5) ...
Setting up libpam0g:amd64 (1.5.3-5ubuntu5.1) ...
debconf: unable to initialize frontend: Dialog
debconf: (TERM is not set, so the dialog frontend is not usable.)
debconf: falling back to frontend: Readline
debconf: unable to initialize frontend: Readline
debconf: (Can't locate Term/ReadLine.pm in @INC (you may need to install the Term::ReadLine module) (@INC entries checked: /etc/perl /usr/local/lib/x86_64-linux-gnu/perl/5.38.2 /usr/local/share/perl/5.38.2 /usr/lib/x86_64-linux-gnu/perl5/5.38 /usr/share/perl5 /usr/lib/x86_64-linux-gnu/perl-base /usr/lib/x86_64-linux-gnu/perl/5.38 /usr/share/perl/5.38 /usr/local/lib/site_perl) at /usr/share/perl5/Debconf/FrontEnd/Readline.pm line 8.)
debconf: falling back to frontend: Teletype
(Reading database ... 
(Reading database ... 5%
(Reading database ... 10%
(Reading database ... 15%
(Reading database ... 20%
(Reading database ... 25%
(Reading database ... 30%
(Reading database ... 35%
(Reading database ... 40%
(Reading database ... 45%
(Reading database ... 50%
(Reading database ... 55%
(Reading database ... 60%
(Reading database ... 65%
(Reading database ... 70%
(Reading database ... 75%
(Reading database ... 80%
(Reading database ... 85%
(Reading database ... 90%
(Reading database ... 95%
(Reading database ... 100%
(Reading database ... 17324 files and directories currently installed.)
Preparing to unpack .../systemd-timesyncd_255.4-1ubuntu8.2_amd64.deb ...
Unpacking systemd-timesyncd (255.4-1ubuntu8.2) over (255.4-1ubuntu8) ...
Preparing to unpack .../libssl3t64_3.0.13-0ubuntu3.1_amd64.deb ...
Unpacking libssl3t64:amd64 (3.0.13-0ubuntu3.1) over (3.0.13-0ubuntu3) ...
Setting up libssl3t64:amd64 (3.0.13-0ubuntu3.1) ...
(Reading database ... 
(Reading database ... 5%
(Reading database ... 10%
(Reading database ... 15%
(Reading database ... 20%
(Reading database ... 25%
(Reading database ... 30%
(Reading database ... 35%
(Reading database ... 40%
(Reading database ... 45%
(Reading database ... 50%
(Reading database ... 55%
(Reading database ... 60%
(Reading database ... 65%
(Reading database ... 70%
(Reading database ... 75%
(Reading database ... 80%
(Reading database ... 85%
(Reading database ... 90%
(Reading database ... 95%
(Reading database ... 100%
(Reading database ... 17324 files and directories currently installed.)
Preparing to unpack .../0-systemd-resolved_255.4-1ubuntu8.2_amd64.deb ...
Unpacking systemd-resolved (255.4-1ubuntu8.2) over (255.4-1ubuntu8) ...
Preparing to unpack .../1-libapparmor1_4.0.1really4.0.0-beta3-0ubuntu0.1_amd64.deb ...
Unpacking libapparmor1:amd64 (4.0.1really4.0.0-beta3-0ubuntu0.1) over (4.0.0-beta3-0ubuntu3) ...
Preparing to unpack .../2-systemd-dev_255.4-1ubuntu8.2_all.deb ...
Unpacking systemd-dev (255.4-1ubuntu8.2) over (255.4-1ubuntu8) ...
Preparing to unpack .../3-systemd_255.4-1ubuntu8.2_amd64.deb ...
Unpacking systemd (255.4-1ubuntu8.2) over (255.4-1ubuntu8) ...
Preparing to unpack .../4-udev_255.4-1ubuntu8.2_amd64.deb ...
Unpacking udev (255.4-1ubuntu8.2) over (255.4-1ubuntu8) ...
Preparing to unpack .../5-libsystemd-shared_255.4-1ubuntu8.2_amd64.deb ...
Unpacking libsystemd-shared:amd64 (255.4-1ubuntu8.2) over (255.4-1ubuntu8) ...
Setting up libapparmor1:amd64 (4.0.1really4.0.0-beta3-0ubuntu0.1) ...
Setting up libsystemd-shared:amd64 (255.4-1ubuntu8.2) ...
(Reading database ... 
(Reading database ... 5%
(Reading database ... 10%
(Reading database ... 15%
(Reading database ... 20%
(Reading database ... 25%
(Reading database ... 30%
(Reading database ... 35%
(Reading database ... 40%
(Reading database ... 45%
(Reading database ... 50%
(Reading database ... 55%
(Reading database ... 60%
(Reading database ... 65%
(Reading database ... 70%
(Reading database ... 75%
(Reading database ... 80%
(Reading database ... 85%
(Reading database ... 90%
(Reading database ... 95%
(Reading database ... 100%
(Reading database ... 17325 files and directories currently installed.)
Preparing to unpack .../libsystemd0_255.4-1ubuntu8.2_amd64.deb ...
Unpacking libsystemd0:amd64 (255.4-1ubuntu8.2) over (255.4-1ubuntu8) ...
Setting up libsystemd0:amd64 (255.4-1ubuntu8.2) ...
Setting up systemd-dev (255.4-1ubuntu8.2) ...
Setting up systemd (255.4-1ubuntu8.2) ...
(Reading database ... 
(Reading database ... 5%
(Reading database ... 10%
(Reading database ... 15%
(Reading database ... 20%
(Reading database ... 25%
(Reading database ... 30%
(Reading database ... 35%
(Reading database ... 40%
(Reading database ... 45%
(Reading database ... 50%
(Reading database ... 55%
(Reading database ... 60%
(Reading database ... 65%
(Reading database ... 70%
(Reading database ... 75%
(Reading database ... 80%
(Reading database ... 85%
(Reading database ... 90%
(Reading database ... 95%
(Reading database ... 100%
(Reading database ... 17325 files and directories currently installed.)
Preparing to unpack .../systemd-sysv_255.4-1ubuntu8.2_amd64.deb ...
Unpacking systemd-sysv (255.4-1ubuntu8.2) over (255.4-1ubuntu8) ...
Preparing to unpack .../libnss-systemd_255.4-1ubuntu8.2_amd64.deb ...
Unpacking libnss-systemd:amd64 (255.4-1ubuntu8.2) over (255.4-1ubuntu8) ...
Preparing to unpack .../libpam-systemd_255.4-1ubuntu8.2_amd64.deb ...
Unpacking libpam-systemd:amd64 (255.4-1ubuntu8.2) over (255.4-1ubuntu8) ...
Preparing to unpack .../libudev1_255.4-1ubuntu8.2_amd64.deb ...
Unpacking libudev1:amd64 (255.4-1ubuntu8.2) over (255.4-1ubuntu8) ...
Setting up libudev1:amd64 (255.4-1ubuntu8.2) ...
(Reading database ... 
(Reading database ... 5%
(Reading database ... 10%
(Reading database ... 15%
(Reading database ... 20%
(Reading database ... 25%
(Reading database ... 30%
(Reading database ... 35%
(Reading database ... 40%
(Reading database ... 45%
(Reading database ... 50%
(Reading database ... 55%
(Reading database ... 60%
(Reading database ... 65%
(Reading database ... 70%
(Reading database ... 75%
(Reading database ... 80%
(Reading database ... 85%
(Reading database ... 90%
(Reading database ... 95%
(Reading database ... 100%
(Reading database ... 17325 files and directories currently installed.)
Preparing to unpack .../libpam-runtime_1.5.3-5ubuntu5.1_all.deb ...
Unpacking libpam-runtime (1.5.3-5ubuntu5.1) over (1.5.3-5ubuntu5) ...
Setting up libpam-runtime (1.5.3-5ubuntu5.1) ...
debconf: unable to initialize frontend: Dialog
debconf: (TERM is not set, so the dialog frontend is not usable.)
debconf: falling back to frontend: Readline
debconf: unable to initialize frontend: Readline
debconf: (Can't locate Term/ReadLine.pm in @INC (you may need to install the Term::ReadLine module) (@INC entries checked: /etc/perl /usr/local/lib/x86_64-linux-gnu/perl/5.38.2 /usr/local/share/perl/5.38.2 /usr/lib/x86_64-linux-gnu/perl5/5.38 /usr/share/perl5 /usr/lib/x86_64-linux-gnu/perl-base /usr/lib/x86_64-linux-gnu/perl/5.38 /usr/share/perl/5.38 /usr/local/lib/site_perl) at /usr/share/perl5/Debconf/FrontEnd/Readline.pm line 8.)
debconf: falling back to frontend: Teletype
(Reading database ... 
(Reading database ... 5%
(Reading database ... 10%
(Reading database ... 15%
(Reading database ... 20%
(Reading database ... 25%
(Reading database ... 30%
(Reading database ... 35%
(Reading database ... 40%
(Reading database ... 45%
(Reading database ... 50%
(Reading database ... 55%
(Reading database ... 60%
(Reading database ... 65%
(Reading database ... 70%
(Reading database ... 75%
(Reading database ... 80%
(Reading database ... 85%
(Reading database ... 90%
(Reading database ... 95%
(Reading database ... 100%
(Reading database ... 17325 files and directories currently installed.)
Preparing to unpack .../libpam-modules-bin_1.5.3-5ubuntu5.1_amd64.deb ...
Unpacking libpam-modules-bin (1.5.3-5ubuntu5.1) over (1.5.3-5ubuntu5) ...
Setting up libpam-modules-bin (1.5.3-5ubuntu5.1) ...
pam_namespace.service is a disabled or a static unit not running, not starting it.
(Reading database ... 
(Reading database ... 5%
(Reading database ... 10%
(Reading database ... 15%
(Reading database ... 20%
(Reading database ... 25%
(Reading database ... 30%
(Reading database ... 35%
(Reading database ... 40%
(Reading database ... 45%
(Reading database ... 50%
(Reading database ... 55%
(Reading database ... 60%
(Reading database ... 65%
(Reading database ... 70%
(Reading database ... 75%
(Reading database ... 80%
(Reading database ... 85%
(Reading database ... 90%
(Reading database ... 95%
(Reading database ... 100%
(Reading database ... 17325 files and directories currently installed.)
Preparing to unpack .../libpam-modules_1.5.3-5ubuntu5.1_amd64.deb ...
debconf: unable to initialize frontend: Dialog
debconf: (TERM is not set, so the dialog frontend is not usable.)
debconf: falling back to frontend: Readline
debconf: unable to initialize frontend: Readline
debconf: (Can't locate Term/ReadLine.pm in @INC (you may need to install the Term::ReadLine module) (@INC entries checked: /etc/perl /usr/local/lib/x86_64-linux-gnu/perl/5.38.2 /usr/local/share/perl/5.38.2 /usr/lib/x86_64-linux-gnu/perl5/5.38 /usr/share/perl5 /usr/lib/x86_64-linux-gnu/perl-base /usr/lib/x86_64-linux-gnu/perl/5.38 /usr/share/perl/5.38 /usr/local/lib/site_perl) at /usr/share/perl5/Debconf/FrontEnd/Readline.pm line 8.)
debconf: falling back to frontend: Teletype
Unpacking libpam-modules:amd64 (1.5.3-5ubuntu5.1) over (1.5.3-5ubuntu5) ...
Setting up libpam-modules:amd64 (1.5.3-5ubuntu5.1) ...
(Reading database ... 
(Reading database ... 5%
(Reading database ... 10%
(Reading database ... 15%
(Reading database ... 20%
(Reading database ... 25%
(Reading database ... 30%
(Reading database ... 35%
(Reading database ... 40%
(Reading database ... 45%
(Reading database ... 50%
(Reading database ... 55%
(Reading database ... 60%
(Reading database ... 65%
(Reading database ... 70%
(Reading database ... 75%
(Reading database ... 80%
(Reading database ... 85%
(Reading database ... 90%
(Reading database ... 95%
(Reading database ... 100%
(Reading database ... 17327 files and directories currently installed.)
Preparing to unpack .../00-openssh-sftp-server_1%3a9.6p1-3ubuntu13.4_amd64.deb ...
Unpacking openssh-sftp-server (1:9.6p1-3ubuntu13.4) over (1:9.6p1-3ubuntu13) ...
Preparing to unpack .../01-openssh-server_1%3a9.6p1-3ubuntu13.4_amd64.deb ...
Unpacking openssh-server (1:9.6p1-3ubuntu13.4) over (1:9.6p1-3ubuntu13) ...
Preparing to unpack .../02-openssh-client_1%3a9.6p1-3ubuntu13.4_amd64.deb ...
Unpacking openssh-client (1:9.6p1-3ubuntu13.4) over (1:9.6p1-3ubuntu13) ...
Preparing to unpack .../03-dhcpcd-base_1%3a10.0.6-1ubuntu3.1_amd64.deb ...
Unpacking dhcpcd-base (1:10.0.6-1ubuntu3.1) over (1:10.0.6-1ubuntu3) ...
Preparing to unpack .../04-gir1.2-glib-2.0_2.80.0-6ubuntu3.1_amd64.deb ...
Unpacking gir1.2-glib-2.0:amd64 (2.80.0-6ubuntu3.1) over (2.80.0-6ubuntu1) ...
Preparing to unpack .../05-libglib2.0-0t64_2.80.0-6ubuntu3.1_amd64.deb ...
Unpacking libglib2.0-0t64:amd64 (2.80.0-6ubuntu3.1) over (2.80.0-6ubuntu1) ...
Preparing to unpack .../06-libglib2.0-data_2.80.0-6ubuntu3.1_all.deb ...
Unpacking libglib2.0-data (2.80.0-6ubuntu3.1) over (2.80.0-6ubuntu1) ...
Preparing to unpack .../07-python3-netplan_1.0-2ubuntu1.2_amd64.deb ...
Unpacking python3-netplan (1.0-2ubuntu1.2) over (1.0-2ubuntu1) ...
Preparing to unpack .../08-netplan-generator_1.0-2ubuntu1.2_amd64.deb ...
Adding 'diversion of /lib/systemd/system-generators/netplan to /lib/systemd/system-generators/netplan.usr-is-merged by netplan-generator'
Unpacking netplan-generator (1.0-2ubuntu1.2) over (1.0-2ubuntu1) ...
Preparing to unpack .../09-netplan.io_1.0-2ubuntu1.2_amd64.deb ...
Unpacking netplan.io (1.0-2ubuntu1.2) over (1.0-2ubuntu1) ...
Preparing to unpack .../10-libnetplan1_1.0-2ubuntu1.2_amd64.deb ...
Unpacking libnetplan1:amd64 (1.0-2ubuntu1.2) over (1.0-2ubuntu1) ...
Preparing to unpack .../11-locales_2.39-0ubuntu8.2_all.deb ...
Unpacking locales (2.39-0ubuntu8.2) over (2.39-0ubuntu8.1) ...
Preparing to unpack .../12-openssl_3.0.13-0ubuntu3.1_amd64.deb ...
Unpacking openssl (3.0.13-0ubuntu3.1) over (3.0.13-0ubuntu3) ...
Preparing to unpack .../13-tzdata_2024a-3ubuntu1.1_all.deb ...
Unpacking tzdata (2024a-3ubuntu1.1) over (2024a-2ubuntu1) ...
Preparing to unpack .../14-ubuntu-pro-client-l10n_32.3.1~24.04_amd64.deb ...
Unpacking ubuntu-pro-client-l10n (32.3.1~24.04) over (31.2.3) ...
Preparing to unpack .../15-ubuntu-pro-client_32.3.1~24.04_amd64.deb ...
Unpacking ubuntu-pro-client (32.3.1~24.04) over (31.2.3) ...
Preparing to unpack .../16-vim-tiny_2%3a9.1.0016-1ubuntu7.1_amd64.deb ...
Unpacking vim-tiny (2:9.1.0016-1ubuntu7.1) over (2:9.1.0016-1ubuntu7) ...
Preparing to unpack .../17-vim-common_2%3a9.1.0016-1ubuntu7.1_all.deb ...
Unpacking vim-common (2:9.1.0016-1ubuntu7.1) over (2:9.1.0016-1ubuntu7) ...
Preparing to unpack .../18-xxd_2%3a9.1.0016-1ubuntu7.1_amd64.deb ...
Unpacking xxd (2:9.1.0016-1ubuntu7.1) over (2:9.1.0016-1ubuntu7) ...
Preparing to unpack .../19-apparmor_4.0.1really4.0.0-beta3-0ubuntu0.1_amd64.deb ...
Unpacking apparmor (4.0.1really4.0.0-beta3-0ubuntu0.1) over (4.0.0-beta3-0ubuntu3) ...
Preparing to unpack .../20-libnghttp2-14_1.59.0-1ubuntu0.1_amd64.deb ...
Unpacking libnghttp2-14:amd64 (1.59.0-1ubuntu0.1) over (1.59.0-1build4) ...
Preparing to unpack .../21-ubuntu-release-upgrader-core_1%3a24.04.19_all.deb ...
Unpacking ubuntu-release-upgrader-core (1:24.04.19) over (1:24.04.16) ...
Preparing to unpack .../22-python3-distupgrade_1%3a24.04.19_all.deb ...
Unpacking python3-distupgrade (1:24.04.19) over (1:24.04.16) ...
Preparing to unpack .../23-wget_1.21.4-1ubuntu4.1_amd64.deb ...
Unpacking wget (1.21.4-1ubuntu4.1) over (1.21.4-1ubuntu4) ...
Preparing to unpack .../24-ssh_1%3a9.6p1-3ubuntu13.4_all.deb ...
Unpacking ssh (1:9.6p1-3ubuntu13.4) over (1:9.6p1-3ubuntu13) ...
Setting up systemd-sysv (255.4-1ubuntu8.2) ...
Setting up wget (1.21.4-1ubuntu4.1) ...
Setting up openssh-client (1:9.6p1-3ubuntu13.4) ...
Setting up libnghttp2-14:amd64 (1.59.0-1ubuntu0.1) ...
Setting up libnss-systemd:amd64 (255.4-1ubuntu8.2) ...
Setting up python3-distupgrade (1:24.04.19) ...
Setting up locales (2.39-0ubuntu8.2) ...
debconf: unable to initialize frontend: Dialog
debconf: (TERM is not set, so the dialog frontend is not usable.)
debconf: falling back to frontend: Readline
debconf: unable to initialize frontend: Readline
debconf: (Can't locate Term/ReadLine.pm in @INC (you may need to install the Term::ReadLine module) (@INC entries checked: /etc/perl /usr/local/lib/x86_64-linux-gnu/perl/5.38.2 /usr/local/share/perl/5.38.2 /usr/lib/x86_64-linux-gnu/perl5/5.38 /usr/share/perl5 /usr/lib/x86_64-linux-gnu/perl-base /usr/lib/x86_64-linux-gnu/perl/5.38 /usr/share/perl/5.38 /usr/local/lib/site_perl) at /usr/share/perl5/Debconf/FrontEnd/Readline.pm line 8.)
debconf: falling back to frontend: Teletype
Generating locales (this might take a while)...
Generation complete.
Setting up xxd (2:9.1.0016-1ubuntu7.1) ...
Setting up tzdata (2024a-3ubuntu1.1) ...
debconf: unable to initialize frontend: Dialog
debconf: (TERM is not set, so the dialog frontend is not usable.)
debconf: falling back to frontend: Readline
debconf: unable to initialize frontend: Readline
debconf: (Can't locate Term/ReadLine.pm in @INC (you may need to install the Term::ReadLine module) (@INC entries checked: /etc/perl /usr/local/lib/x86_64-linux-gnu/perl/5.38.2 /usr/local/share/perl/5.38.2 /usr/lib/x86_64-linux-gnu/perl5/5.38 /usr/share/perl5 /usr/lib/x86_64-linux-gnu/perl-base /usr/lib/x86_64-linux-gnu/perl/5.38 /usr/share/perl/5.38 /usr/local/lib/site_perl) at /usr/share/perl5/Debconf/FrontEnd/Readline.pm line 8.)
debconf: falling back to frontend: Teletype

Current default time zone: 'Etc/UTC'
Local time is now:      Fri Jul 19 17:43:49 UTC 2024.
Universal Time is now:  Fri Jul 19 17:43:49 UTC 2024.
Run 'dpkg-reconfigure tzdata' if you wish to change it.

Setting up apparmor (4.0.1really4.0.0-beta3-0ubuntu0.1) ...
debconf: unable to initialize frontend: Dialog
debconf: (TERM is not set, so the dialog frontend is not usable.)
debconf: falling back to frontend: Readline
debconf: unable to initialize frontend: Readline
debconf: (Can't locate Term/ReadLine.pm in @INC (you may need to install the Term::ReadLine module) (@INC entries checked: /etc/perl /usr/local/lib/x86_64-linux-gnu/perl/5.38.2 /usr/local/share/perl/5.38.2 /usr/lib/x86_64-linux-gnu/perl5/5.38 /usr/share/perl5 /usr/lib/x86_64-linux-gnu/perl-base /usr/lib/x86_64-linux-gnu/perl/5.38 /usr/share/perl/5.38 /usr/local/lib/site_perl) at /usr/share/perl5/Debconf/FrontEnd/Readline.pm line 8.)
debconf: falling back to frontend: Teletype
Reloading AppArmor profiles 
Setting up libglib2.0-0t64:amd64 (2.80.0-6ubuntu3.1) ...
No schema files found: doing nothing.
Setting up libglib2.0-data (2.80.0-6ubuntu3.1) ...
Setting up vim-common (2:9.1.0016-1ubuntu7.1) ...
Setting up systemd-timesyncd (255.4-1ubuntu8.2) ...
Setting up udev (255.4-1ubuntu8.2) ...
systemd-udevd.service is a disabled or a static unit not running, not starting it.
Setting up ubuntu-release-upgrader-core (1:24.04.19) ...
Setting up dhcpcd-base (1:10.0.6-1ubuntu3.1) ...
Setting up gir1.2-glib-2.0:amd64 (2.80.0-6ubuntu3.1) ...
Setting up libpam-systemd:amd64 (255.4-1ubuntu8.2) ...
debconf: unable to initialize frontend: Dialog
debconf: (TERM is not set, so the dialog frontend is not usable.)
debconf: falling back to frontend: Readline
debconf: unable to initialize frontend: Readline
debconf: (Can't locate Term/ReadLine.pm in @INC (you may need to install the Term::ReadLine module) (@INC entries checked: /etc/perl /usr/local/lib/x86_64-linux-gnu/perl/5.38.2 /usr/local/share/perl/5.38.2 /usr/lib/x86_64-linux-gnu/perl5/5.38 /usr/share/perl5 /usr/lib/x86_64-linux-gnu/perl-base /usr/lib/x86_64-linux-gnu/perl/5.38 /usr/share/perl/5.38 /usr/local/lib/site_perl) at /usr/share/perl5/Debconf/FrontEnd/Readline.pm line 8.)
debconf: falling back to frontend: Teletype
Setting up openssl (3.0.13-0ubuntu3.1) ...
Setting up ubuntu-pro-client (32.3.1~24.04) ...
Installing new version of config file /etc/apparmor.d/ubuntu_pro_apt_news ...
debconf: unable to initialize frontend: Dialog
debconf: (TERM is not set, so the dialog frontend is not usable.)
debconf: falling back to frontend: Readline
debconf: unable to initialize frontend: Readline
debconf: (Can't locate Term/ReadLine.pm in @INC (you may need to install the Term::ReadLine module) (@INC entries checked: /etc/perl /usr/local/lib/x86_64-linux-gnu/perl/5.38.2 /usr/local/share/perl/5.38.2 /usr/lib/x86_64-linux-gnu/perl5/5.38 /usr/share/perl5 /usr/lib/x86_64-linux-gnu/perl-base /usr/lib/x86_64-linux-gnu/perl/5.38 /usr/share/perl/5.38 /usr/local/lib/site_perl) at /usr/share/perl5/Debconf/FrontEnd/Readline.pm line 8.)
debconf: falling back to frontend: Teletype
Setting up systemd-resolved (255.4-1ubuntu8.2) ...
Setting up ubuntu-pro-client-l10n (32.3.1~24.04) ...
Setting up openssh-sftp-server (1:9.6p1-3ubuntu13.4) ...
Setting up openssh-server (1:9.6p1-3ubuntu13.4) ...
debconf: unable to initialize frontend: Dialog
debconf: (TERM is not set, so the dialog frontend is not usable.)
debconf: falling back to frontend: Readline
debconf: unable to initialize frontend: Readline
debconf: (Can't locate Term/ReadLine.pm in @INC (you may need to install the Term::ReadLine module) (@INC entries checked: /etc/perl /usr/local/lib/x86_64-linux-gnu/perl/5.38.2 /usr/local/share/perl/5.38.2 /usr/lib/x86_64-linux-gnu/perl5/5.38 /usr/share/perl5 /usr/lib/x86_64-linux-gnu/perl-base /usr/lib/x86_64-linux-gnu/perl/5.38 /usr/share/perl/5.38 /usr/local/lib/site_perl) at /usr/share/perl5/Debconf/FrontEnd/Readline.pm line 8.)
debconf: falling back to frontend: Teletype
Setting up vim-tiny (2:9.1.0016-1ubuntu7.1) ...
Setting up libnetplan1:amd64 (1.0-2ubuntu1.2) ...
Setting up python3-netplan (1.0-2ubuntu1.2) ...
Setting up netplan-generator (1.0-2ubuntu1.2) ...
Removing 'diversion of /lib/systemd/system-generators/netplan to /lib/systemd/system-generators/netplan.usr-is-merged by netplan-generator'
Setting up ssh (1:9.6p1-3ubuntu13.4) ...
Setting up netplan.io (1.0-2ubuntu1.2) ...
Processing triggers for install-info (7.1-3build2) ...
Processing triggers for libc-bin (2.39-0ubuntu8.2) ...
Processing triggers for ufw (0.36.2-6) ...
Processing triggers for man-db (2.12.0-4build2) ...
Processing triggers for dbus (1.14.10-4ubuntu4) ...
Installing required packages...
Reading package lists...
Building dependency tree...
Reading state information...
The following additional packages will be installed:
  ansible-core binutils binutils-common binutils-x86-64-linux-gnu
  build-essential bzip2 cpp cpp-13 cpp-13-x86-64-linux-gnu
  cpp-x86-64-linux-gnu dirmngr dpkg-dev fakeroot fontconfig-config
  fonts-dejavu-core fonts-dejavu-mono g++ g++-13 g++-13-x86-64-linux-gnu
  g++-x86-64-linux-gnu gcc gcc-13 gcc-13-base gcc-13-x86-64-linux-gnu
  gcc-x86-64-linux-gnu git-man gnupg gnupg-l10n gnupg-utils gpg gpg-agent
  gpg-wks-client gpgconf gpgsm ieee-data javascript-common keyboxd keyutils
  libalgorithm-diff-perl libalgorithm-diff-xs-perl libalgorithm-merge-perl
  libaom3 libasan8 libatomic1 libbinutils libbrotli1 libc-dev-bin
  libc-devtools libc6-dev libcc1-0 libcrypt-dev libctf-nobfd0 libctf0
  libcurl3t64-gnutls libde265-0 libdeflate0 libdpkg-perl liberror-perl
  libevent-core-2.1-7t64 libexpat1-dev libfakeroot libfile-fcntllock-perl
  libfontconfig1 libfreetype6 libgcc-13-dev libgd3 libgdbm-compat4t64 libgomp1
  libgprofng0 libheif-plugin-aomdec libheif-plugin-aomenc
  libheif-plugin-libde265 libheif1 libhwasan0 libisl23 libitm1 libjbig0
  libjpeg-turbo8 libjpeg8 libjs-jquery libjs-sphinxdoc libjs-underscore
  libksba8 libldap-common libldap2 liblerc4 liblsan0 libmpc3 libmpfr6
  libnfsidmap1 libperl5.38t64 libpython3-dev libpython3.12-dev
  libpython3.12t64 libquadmath0 librtmp1 libsframe1 libsharpyuv0 libssh-4
  libstdc++-13-dev libtiff6 libtsan2 libubsan1 libwebp7 libxpm4 linux-libc-dev
  lto-disabled-list make manpages-dev patch perl perl-modules-5.38
  pinentry-curses python-babel-localedata python3-argcomplete python3-babel
  python3-certifi python3-chardet python3-cryptography python3-dev
  python3-dnspython python3-httplib2 python3-idna python3-jinja2
  python3-jmespath python3-kerberos python3-libcloud python3-lockfile
  python3-markupsafe python3-netaddr python3-ntlm-auth python3-packaging
  python3-passlib python3-pyparsing python3-requests python3-requests-ntlm
  python3-resolvelib python3-selinux python3-setuptools python3-simplejson
  python3-tz python3-urllib3 python3-wheel python3-winrm python3-xmltodict
  python3.12-dev rpcbind rpcsvc-proto zlib1g-dev
Suggested packages:
  cowsay python3-jsonschema sshpass binutils-doc gprofng-gui bzip2-doc cpp-doc
  gcc-13-locales cpp-13-doc pinentry-gnome3 tor debian-keyring g++-multilib
  g++-13-multilib gcc-13-doc gcc-multilib autoconf automake libtool flex bison
  gdb gcc-doc gcc-13-multilib gdb-x86-64-linux-gnu git-daemon-run
  | git-daemon-sysvinit git-doc git-email git-gui gitk gitweb git-cvs
  git-mediawiki git-svn parcimonie xloadimage gpg-wks-server scdaemon apache2
  | lighttpd | httpd glibc-doc bzr libgd-tools libheif-plugin-x265
  libheif-plugin-ffmpegdec libheif-plugin-jpegdec libheif-plugin-jpegenc
  libheif-plugin-j2kdec libheif-plugin-j2kenc libheif-plugin-rav1e
  libheif-plugin-svtenc libstdc++-13-doc make-doc open-iscsi watchdog
  diffutils-doc perl-doc libterm-readline-gnu-perl
  | libterm-readline-perl-perl libtap-harness-archive-perl pinentry-doc
  python-cryptography-doc python3-cryptography-vectors python3-trio
  python3-aioquic python3-h2 python3-httpx python3-httpcore python-jinja2-doc
  python-lockfile-doc ipython3 python-netaddr-docs python-pyparsing-doc
  python3-openssl python3-socks python-requests-doc python-setuptools-doc
  python3-brotli
The following NEW packages will be installed:
  ansible ansible-core binutils binutils-common binutils-x86-64-linux-gnu
  build-essential bzip2 cpp cpp-13 cpp-13-x86-64-linux-gnu
  cpp-x86-64-linux-gnu dirmngr dpkg-dev fakeroot fontconfig-config
  fonts-dejavu-core fonts-dejavu-mono g++ g++-13 g++-13-x86-64-linux-gnu
  g++-x86-64-linux-gnu gcc gcc-13 gcc-13-base gcc-13-x86-64-linux-gnu
  gcc-x86-64-linux-gnu git git-man gnupg gnupg-l10n gnupg-utils gpg gpg-agent
  gpg-wks-client gpgconf gpgsm ieee-data javascript-common keyboxd keyutils
  libalgorithm-diff-perl libalgorithm-diff-xs-perl libalgorithm-merge-perl
  libaom3 libasan8 libatomic1 libbinutils libbrotli1 libc-dev-bin
  libc-devtools libc6-dev libcc1-0 libcrypt-dev libctf-nobfd0 libctf0
  libcurl3t64-gnutls libde265-0 libdeflate0 libdpkg-perl liberror-perl
  libevent-core-2.1-7t64 libexpat1-dev libfakeroot libfile-fcntllock-perl
  libfontconfig1 libfreetype6 libgcc-13-dev libgd3 libgdbm-compat4t64 libgomp1
  libgprofng0 libheif-plugin-aomdec libheif-plugin-aomenc
  libheif-plugin-libde265 libheif1 libhwasan0 libisl23 libitm1 libjbig0
  libjpeg-turbo8 libjpeg8 libjs-jquery libjs-sphinxdoc libjs-underscore
  libksba8 libldap-common libldap2 liblerc4 liblsan0 libmpc3 libmpfr6
  libnfsidmap1 libperl5.38t64 libpython3-dev libpython3.12-dev
  libpython3.12t64 libquadmath0 librtmp1 libsframe1 libsharpyuv0 libssh-4
  libstdc++-13-dev libtiff6 libtsan2 libubsan1 libwebp7 libxpm4 linux-libc-dev
  lto-disabled-list make manpages-dev nfs-common patch perl perl-modules-5.38
  pinentry-curses python-babel-localedata python3-argcomplete python3-babel
  python3-certifi python3-chardet python3-cryptography python3-dev
  python3-dnspython python3-httplib2 python3-idna python3-jinja2
  python3-jmespath python3-kerberos python3-libcloud python3-lockfile
  python3-markupsafe python3-netaddr python3-ntlm-auth python3-packaging
  python3-passlib python3-pip python3-pyparsing python3-requests
  python3-requests-ntlm python3-resolvelib python3-selinux python3-setuptools
  python3-simplejson python3-tz python3-urllib3 python3-wheel python3-winrm
  python3-xmltodict python3.12-dev rpcbind rpcsvc-proto zlib1g-dev
0 upgraded, 153 newly installed, 0 to remove and 1 not upgraded.
Need to get 139 MB of archives.
After this operation, 795 MB of additional disk space will be used.
Get:1 http://archive.ubuntu.com/ubuntu noble/main amd64 libevent-core-2.1-7t64 amd64 2.1.12-stable-9ubuntu2 [91.3 kB]
Get:2 http://archive.ubuntu.com/ubuntu noble/main amd64 libldap2 amd64 2.6.7+dfsg-1~exp1ubuntu8 [195 kB]
Get:3 http://archive.ubuntu.com/ubuntu noble/main amd64 libnfsidmap1 amd64 1:2.6.4-3ubuntu5 [48.2 kB]
Get:4 http://archive.ubuntu.com/ubuntu noble/main amd64 rpcbind amd64 1.2.6-7ubuntu2 [46.5 kB]
Get:5 http://archive.ubuntu.com/ubuntu noble/main amd64 keyutils amd64 1.6.3-3build1 [56.8 kB]
Get:6 http://archive.ubuntu.com/ubuntu noble/main amd64 nfs-common amd64 1:2.6.4-3ubuntu5 [248 kB]
Get:7 http://archive.ubuntu.com/ubuntu noble/main amd64 perl-modules-5.38 all 5.38.2-3.2build2 [3110 kB]
Get:8 http://archive.ubuntu.com/ubuntu noble/main amd64 libgdbm-compat4t64 amd64 1.23-5.1build1 [6710 B]
Get:9 http://archive.ubuntu.com/ubuntu noble/main amd64 libperl5.38t64 amd64 5.38.2-3.2build2 [4873 kB]
Get:10 http://archive.ubuntu.com/ubuntu noble/main amd64 perl amd64 5.38.2-3.2build2 [231 kB]
Get:11 http://archive.ubuntu.com/ubuntu noble-updates/main amd64 python3-cryptography amd64 41.0.7-4ubuntu0.1 [810 kB]
Get:12 http://archive.ubuntu.com/ubuntu noble/main amd64 python3-markupsafe amd64 2.1.5-1build2 [12.7 kB]
Get:13 http://archive.ubuntu.com/ubuntu noble-updates/main amd64 python3-jinja2 all 3.1.2-1ubuntu1.1 [108 kB]
Get:14 http://archive.ubuntu.com/ubuntu noble/main amd64 python3-packaging all 24.0-1 [41.1 kB]
Get:15 http://archive.ubuntu.com/ubuntu noble/universe amd64 python3-resolvelib all 1.0.1-1 [25.7 kB]
Get:16 http://archive.ubuntu.com/ubuntu noble/main amd64 python3-dnspython all 2.6.1-1ubuntu1 [163 kB]
Get:17 http://archive.ubuntu.com/ubuntu noble/main amd64 python3-pyparsing all 3.1.1-1 [86.2 kB]
Get:18 http://archive.ubuntu.com/ubuntu noble/main amd64 python3-httplib2 all 0.20.4-3 [30.4 kB]
Get:19 http://archive.ubuntu.com/ubuntu noble/main amd64 ieee-data all 20220827.1 [2113 kB]
Get:20 http://archive.ubuntu.com/ubuntu noble/main amd64 python3-netaddr all 0.8.0-2ubuntu1 [319 kB]
Get:21 http://archive.ubuntu.com/ubuntu noble/universe amd64 ansible-core all 2.16.3-0ubuntu2 [1280 kB]
Get:22 http://archive.ubuntu.com/ubuntu noble/universe amd64 ansible all 9.2.0+dfsg-0ubuntu5 [16.4 MB]
Get:23 http://archive.ubuntu.com/ubuntu noble/main amd64 binutils-common amd64 2.42-4ubuntu2 [239 kB]
Get:24 http://archive.ubuntu.com/ubuntu noble/main amd64 libsframe1 amd64 2.42-4ubuntu2 [14.8 kB]
Get:25 http://archive.ubuntu.com/ubuntu noble/main amd64 libbinutils amd64 2.42-4ubuntu2 [572 kB]
Get:26 http://archive.ubuntu.com/ubuntu noble/main amd64 libctf-nobfd0 amd64 2.42-4ubuntu2 [97.1 kB]
Get:27 http://archive.ubuntu.com/ubuntu noble/main amd64 libctf0 amd64 2.42-4ubuntu2 [94.5 kB]
Get:28 http://archive.ubuntu.com/ubuntu noble/main amd64 libgprofng0 amd64 2.42-4ubuntu2 [851 kB]
Get:29 http://archive.ubuntu.com/ubuntu noble/main amd64 binutils-x86-64-linux-gnu amd64 2.42-4ubuntu2 [2469 kB]
Get:30 http://archive.ubuntu.com/ubuntu noble/main amd64 binutils amd64 2.42-4ubuntu2 [18.0 kB]
Get:31 http://archive.ubuntu.com/ubuntu noble-updates/main amd64 libc-dev-bin amd64 2.39-0ubuntu8.2 [20.4 kB]
Get:32 http://archive.ubuntu.com/ubuntu noble-updates/main amd64 linux-libc-dev amd64 6.8.0-38.38 [1645 kB]
Get:33 http://archive.ubuntu.com/ubuntu noble/main amd64 libcrypt-dev amd64 1:4.4.36-4build1 [112 kB]
Get:34 http://archive.ubuntu.com/ubuntu noble/main amd64 rpcsvc-proto amd64 1.4.2-0ubuntu7 [67.4 kB]
Get:35 http://archive.ubuntu.com/ubuntu noble-updates/main amd64 libc6-dev amd64 2.39-0ubuntu8.2 [2124 kB]
Get:36 http://archive.ubuntu.com/ubuntu noble/main amd64 gcc-13-base amd64 13.2.0-23ubuntu4 [49.0 kB]
Get:37 http://archive.ubuntu.com/ubuntu noble/main amd64 libisl23 amd64 0.26-3build1 [680 kB]
Get:38 http://archive.ubuntu.com/ubuntu noble/main amd64 libmpfr6 amd64 4.2.1-1build1 [355 kB]
Get:39 http://archive.ubuntu.com/ubuntu noble/main amd64 libmpc3 amd64 1.3.1-1build1 [54.5 kB]
Get:40 http://archive.ubuntu.com/ubuntu noble/main amd64 cpp-13-x86-64-linux-gnu amd64 13.2.0-23ubuntu4 [11.2 MB]
Get:41 http://archive.ubuntu.com/ubuntu noble/main amd64 cpp-13 amd64 13.2.0-23ubuntu4 [1032 B]
Get:42 http://archive.ubuntu.com/ubuntu noble/main amd64 cpp-x86-64-linux-gnu amd64 4:13.2.0-7ubuntu1 [5326 B]
Get:43 http://archive.ubuntu.com/ubuntu noble/main amd64 cpp amd64 4:13.2.0-7ubuntu1 [22.4 kB]
Get:44 http://archive.ubuntu.com/ubuntu noble/main amd64 libcc1-0 amd64 14-20240412-0ubuntu1 [47.7 kB]
Get:45 http://archive.ubuntu.com/ubuntu noble/main amd64 libgomp1 amd64 14-20240412-0ubuntu1 [147 kB]
Get:46 http://archive.ubuntu.com/ubuntu noble/main amd64 libitm1 amd64 14-20240412-0ubuntu1 [28.9 kB]
Get:47 http://archive.ubuntu.com/ubuntu noble/main amd64 libatomic1 amd64 14-20240412-0ubuntu1 [10.4 kB]
Get:48 http://archive.ubuntu.com/ubuntu noble/main amd64 libasan8 amd64 14-20240412-0ubuntu1 [3024 kB]
Get:49 http://archive.ubuntu.com/ubuntu noble/main amd64 liblsan0 amd64 14-20240412-0ubuntu1 [1313 kB]
Get:50 http://archive.ubuntu.com/ubuntu noble/main amd64 libtsan2 amd64 14-20240412-0ubuntu1 [2736 kB]
Get:51 http://archive.ubuntu.com/ubuntu noble/main amd64 libubsan1 amd64 14-20240412-0ubuntu1 [1175 kB]
Get:52 http://archive.ubuntu.com/ubuntu noble/main amd64 libhwasan0 amd64 14-20240412-0ubuntu1 [1632 kB]
Get:53 http://archive.ubuntu.com/ubuntu noble/main amd64 libquadmath0 amd64 14-20240412-0ubuntu1 [153 kB]
Get:54 http://archive.ubuntu.com/ubuntu noble/main amd64 libgcc-13-dev amd64 13.2.0-23ubuntu4 [2688 kB]
Get:55 http://archive.ubuntu.com/ubuntu noble/main amd64 gcc-13-x86-64-linux-gnu amd64 13.2.0-23ubuntu4 [21.9 MB]
Get:56 http://archive.ubuntu.com/ubuntu noble/main amd64 gcc-13 amd64 13.2.0-23ubuntu4 [482 kB]
Get:57 http://archive.ubuntu.com/ubuntu noble/main amd64 gcc-x86-64-linux-gnu amd64 4:13.2.0-7ubuntu1 [1212 B]
Get:58 http://archive.ubuntu.com/ubuntu noble/main amd64 gcc amd64 4:13.2.0-7ubuntu1 [5018 B]
Get:59 http://archive.ubuntu.com/ubuntu noble/main amd64 libstdc++-13-dev amd64 13.2.0-23ubuntu4 [2399 kB]
Get:60 http://archive.ubuntu.com/ubuntu noble/main amd64 g++-13-x86-64-linux-gnu amd64 13.2.0-23ubuntu4 [12.5 MB]
Get:61 http://archive.ubuntu.com/ubuntu noble/main amd64 g++-13 amd64 13.2.0-23ubuntu4 [14.5 kB]
Get:62 http://archive.ubuntu.com/ubuntu noble/main amd64 g++-x86-64-linux-gnu amd64 4:13.2.0-7ubuntu1 [964 B]
Get:63 http://archive.ubuntu.com/ubuntu noble/main amd64 g++ amd64 4:13.2.0-7ubuntu1 [1100 B]
Get:64 http://archive.ubuntu.com/ubuntu noble/main amd64 make amd64 4.3-4.1build2 [180 kB]
Get:65 http://archive.ubuntu.com/ubuntu noble/main amd64 libdpkg-perl all 1.22.6ubuntu6 [268 kB]
Get:66 http://archive.ubuntu.com/ubuntu noble/main amd64 bzip2 amd64 1.0.8-5.1 [34.5 kB]
Get:67 http://archive.ubuntu.com/ubuntu noble/main amd64 patch amd64 2.7.6-7build3 [104 kB]
Get:68 http://archive.ubuntu.com/ubuntu noble/main amd64 lto-disabled-list all 47 [12.4 kB]
Get:69 http://archive.ubuntu.com/ubuntu noble/main amd64 dpkg-dev all 1.22.6ubuntu6 [1074 kB]
Get:70 http://archive.ubuntu.com/ubuntu noble/main amd64 build-essential amd64 12.10ubuntu1 [4928 B]
Get:71 http://archive.ubuntu.com/ubuntu noble/main amd64 gpgconf amd64 2.4.4-2ubuntu17 [103 kB]
Get:72 http://archive.ubuntu.com/ubuntu noble/main amd64 libksba8 amd64 1.6.6-1build1 [122 kB]
Get:73 http://archive.ubuntu.com/ubuntu noble/main amd64 dirmngr amd64 2.4.4-2ubuntu17 [323 kB]
Get:74 http://archive.ubuntu.com/ubuntu noble/main amd64 libfakeroot amd64 1.33-1 [32.4 kB]
Get:75 http://archive.ubuntu.com/ubuntu noble/main amd64 fakeroot amd64 1.33-1 [67.2 kB]
Get:76 http://archive.ubuntu.com/ubuntu noble/main amd64 fonts-dejavu-mono all 2.37-8 [502 kB]
Get:77 http://archive.ubuntu.com/ubuntu noble/main amd64 fonts-dejavu-core all 2.37-8 [835 kB]
Get:78 http://archive.ubuntu.com/ubuntu noble/main amd64 fontconfig-config amd64 2.15.0-1.1ubuntu2 [37.3 kB]
Get:79 http://archive.ubuntu.com/ubuntu noble/main amd64 libbrotli1 amd64 1.1.0-2build2 [331 kB]
Get:80 http://archive.ubuntu.com/ubuntu noble/main amd64 librtmp1 amd64 2.4+20151223.gitfa8646d.1-2build7 [56.3 kB]
Get:81 http://archive.ubuntu.com/ubuntu noble/main amd64 libssh-4 amd64 0.10.6-2build2 [188 kB]
Get:82 http://archive.ubuntu.com/ubuntu noble-updates/main amd64 libcurl3t64-gnutls amd64 8.5.0-2ubuntu10.1 [333 kB]
Get:83 http://archive.ubuntu.com/ubuntu noble/main amd64 liberror-perl all 0.17029-2 [25.6 kB]
Get:84 http://archive.ubuntu.com/ubuntu noble-updates/main amd64 git-man all 1:2.43.0-1ubuntu7.1 [1100 kB]
Get:85 http://archive.ubuntu.com/ubuntu noble-updates/main amd64 git amd64 1:2.43.0-1ubuntu7.1 [3679 kB]
Get:86 http://archive.ubuntu.com/ubuntu noble/main amd64 gnupg-utils amd64 2.4.4-2ubuntu17 [108 kB]
Get:87 http://archive.ubuntu.com/ubuntu noble/main amd64 gpg amd64 2.4.4-2ubuntu17 [565 kB]
Get:88 http://archive.ubuntu.com/ubuntu noble/main amd64 pinentry-curses amd64 1.2.1-3ubuntu5 [35.2 kB]
Get:89 http://archive.ubuntu.com/ubuntu noble/main amd64 gpg-agent amd64 2.4.4-2ubuntu17 [227 kB]
Get:90 http://archive.ubuntu.com/ubuntu noble/main amd64 gpgsm amd64 2.4.4-2ubuntu17 [232 kB]
Get:91 http://archive.ubuntu.com/ubuntu noble/main amd64 keyboxd amd64 2.4.4-2ubuntu17 [78.3 kB]
Get:92 http://archive.ubuntu.com/ubuntu noble/main amd64 gnupg all 2.4.4-2ubuntu17 [359 kB]
Get:93 http://archive.ubuntu.com/ubuntu noble/main amd64 gnupg-l10n all 2.4.4-2ubuntu17 [65.9 kB]
Get:94 http://archive.ubuntu.com/ubuntu noble/main amd64 gpg-wks-client amd64 2.4.4-2ubuntu17 [70.9 kB]
Get:95 http://archive.ubuntu.com/ubuntu noble/main amd64 javascript-common all 11+nmu1 [5936 B]
Get:96 http://archive.ubuntu.com/ubuntu noble/main amd64 libalgorithm-diff-perl all 1.201-1 [41.8 kB]
Get:97 http://archive.ubuntu.com/ubuntu noble/main amd64 libalgorithm-diff-xs-perl amd64 0.04-8build3 [11.2 kB]
Get:98 http://archive.ubuntu.com/ubuntu noble/main amd64 libalgorithm-merge-perl all 0.08-5 [11.4 kB]
Get:99 http://archive.ubuntu.com/ubuntu noble-updates/main amd64 libaom3 amd64 3.8.2-2ubuntu0.1 [1941 kB]
Get:100 http://archive.ubuntu.com/ubuntu noble/main amd64 libfreetype6 amd64 2.13.2+dfsg-1build3 [402 kB]
Get:101 http://archive.ubuntu.com/ubuntu noble/main amd64 libfontconfig1 amd64 2.15.0-1.1ubuntu2 [139 kB]
Get:102 http://archive.ubuntu.com/ubuntu noble/main amd64 libsharpyuv0 amd64 1.3.2-0.4build3 [15.8 kB]
Get:103 http://archive.ubuntu.com/ubuntu noble/main amd64 libheif-plugin-aomdec amd64 1.17.6-1ubuntu4 [10.3 kB]
Get:104 http://archive.ubuntu.com/ubuntu noble/main amd64 libde265-0 amd64 1.0.15-1build3 [166 kB]
Get:105 http://archive.ubuntu.com/ubuntu noble/main amd64 libheif-plugin-libde265 amd64 1.17.6-1ubuntu4 [8158 B]
Get:106 http://archive.ubuntu.com/ubuntu noble/main amd64 libheif1 amd64 1.17.6-1ubuntu4 [276 kB]
Get:107 http://archive.ubuntu.com/ubuntu noble/main amd64 libjpeg-turbo8 amd64 2.1.5-2ubuntu2 [150 kB]
Get:108 http://archive.ubuntu.com/ubuntu noble/main amd64 libjpeg8 amd64 8c-2ubuntu11 [2148 B]
Get:109 http://archive.ubuntu.com/ubuntu noble/main amd64 libdeflate0 amd64 1.19-1build1 [43.8 kB]
Get:110 http://archive.ubuntu.com/ubuntu noble/main amd64 libjbig0 amd64 2.1-6.1ubuntu2 [29.7 kB]
Get:111 http://archive.ubuntu.com/ubuntu noble/main amd64 liblerc4 amd64 4.0.0+ds-4ubuntu2 [179 kB]
Get:112 http://archive.ubuntu.com/ubuntu noble/main amd64 libwebp7 amd64 1.3.2-0.4build3 [230 kB]
Get:113 http://archive.ubuntu.com/ubuntu noble-updates/main amd64 libtiff6 amd64 4.5.1+git230720-4ubuntu2.1 [199 kB]
Get:114 http://archive.ubuntu.com/ubuntu noble/main amd64 libxpm4 amd64 1:3.5.17-1build2 [36.5 kB]
Get:115 http://archive.ubuntu.com/ubuntu noble/main amd64 libgd3 amd64 2.3.3-9ubuntu5 [128 kB]
Get:116 http://archive.ubuntu.com/ubuntu noble-updates/main amd64 libc-devtools amd64 2.39-0ubuntu8.2 [29.3 kB]
Get:117 http://archive.ubuntu.com/ubuntu noble/main amd64 libexpat1-dev amd64 2.6.1-2build1 [139 kB]
Get:118 http://archive.ubuntu.com/ubuntu noble/main amd64 libfile-fcntllock-perl amd64 0.22-4ubuntu5 [30.7 kB]
Get:119 http://archive.ubuntu.com/ubuntu noble/main amd64 libheif-plugin-aomenc amd64 1.17.6-1ubuntu4 [14.7 kB]
Get:120 http://archive.ubuntu.com/ubuntu noble/main amd64 libjs-jquery all 3.6.1+dfsg+~3.5.14-1 [328 kB]
Get:121 http://archive.ubuntu.com/ubuntu noble/main amd64 libjs-underscore all 1.13.4~dfsg+~1.11.4-3 [118 kB]
Get:122 http://archive.ubuntu.com/ubuntu noble/main amd64 libjs-sphinxdoc all 7.2.6-6 [149 kB]
Get:123 http://archive.ubuntu.com/ubuntu noble/main amd64 libldap-common all 2.6.7+dfsg-1~exp1ubuntu8 [31.4 kB]
Get:124 http://archive.ubuntu.com/ubuntu noble/main amd64 libpython3.12t64 amd64 3.12.3-1 [2339 kB]
Get:125 http://archive.ubuntu.com/ubuntu noble/main amd64 zlib1g-dev amd64 1:1.3.dfsg-3.1ubuntu2 [894 kB]
Get:126 http://archive.ubuntu.com/ubuntu noble/main amd64 libpython3.12-dev amd64 3.12.3-1 [5671 kB]
Get:127 http://archive.ubuntu.com/ubuntu noble/main amd64 libpython3-dev amd64 3.12.3-0ubuntu1 [10.2 kB]
Get:128 http://archive.ubuntu.com/ubuntu noble/main amd64 manpages-dev all 6.7-2 [2013 kB]
Get:129 http://archive.ubuntu.com/ubuntu noble/main amd64 python-babel-localedata all 2.10.3-3build1 [6357 kB]
Get:130 http://archive.ubuntu.com/ubuntu noble/universe amd64 python3-argcomplete all 3.1.4-1 [33.5 kB]
Get:131 http://archive.ubuntu.com/ubuntu noble/main amd64 python3-tz all 2024.1-2 [31.4 kB]
Get:132 http://archive.ubuntu.com/ubuntu noble/main amd64 python3-babel all 2.10.3-3build1 [87.5 kB]
Get:133 http://archive.ubuntu.com/ubuntu noble/main amd64 python3-certifi all 2023.11.17-1 [165 kB]
Get:134 http://archive.ubuntu.com/ubuntu noble/main amd64 python3-chardet all 5.2.0+dfsg-1 [117 kB]
Get:135 http://archive.ubuntu.com/ubuntu noble/main amd64 python3.12-dev amd64 3.12.3-1 [498 kB]
Get:136 http://archive.ubuntu.com/ubuntu noble/main amd64 python3-dev amd64 3.12.3-0ubuntu1 [26.7 kB]
Get:137 http://archive.ubuntu.com/ubuntu noble-updates/main amd64 python3-idna all 3.6-2ubuntu0.1 [49.0 kB]
Get:138 http://archive.ubuntu.com/ubuntu noble/main amd64 python3-jmespath all 1.0.1-1 [21.3 kB]
Get:139 http://archive.ubuntu.com/ubuntu noble/universe amd64 python3-kerberos amd64 1.1.14-3.1build9 [21.2 kB]
Get:140 http://archive.ubuntu.com/ubuntu noble/universe amd64 python3-lockfile all 1:0.12.2-3 [13.7 kB]
Get:141 http://archive.ubuntu.com/ubuntu noble/main amd64 python3-simplejson amd64 3.19.2-1build2 [54.5 kB]
Get:142 http://archive.ubuntu.com/ubuntu noble/main amd64 python3-urllib3 all 2.0.7-1 [113 kB]
Get:143 http://archive.ubuntu.com/ubuntu noble/main amd64 python3-requests all 2.31.0+dfsg-1ubuntu1 [50.7 kB]
Get:144 http://archive.ubuntu.com/ubuntu noble/universe amd64 python3-libcloud all 3.4.1-5 [751 kB]
Get:145 http://archive.ubuntu.com/ubuntu noble/universe amd64 python3-ntlm-auth all 1.5.0-1 [21.3 kB]
Get:146 http://archive.ubuntu.com/ubuntu noble/main amd64 python3-setuptools all 68.1.2-2ubuntu1 [396 kB]
Get:147 http://archive.ubuntu.com/ubuntu noble/universe amd64 python3-wheel all 0.42.0-2 [53.1 kB]
Get:148 http://archive.ubuntu.com/ubuntu noble/universe amd64 python3-pip all 24.0+dfsg-1ubuntu1 [1316 kB]
Get:149 http://archive.ubuntu.com/ubuntu noble/universe amd64 python3-requests-ntlm all 1.1.0-3 [6308 B]
Get:150 http://archive.ubuntu.com/ubuntu noble/universe amd64 python3-selinux amd64 3.5-2ubuntu2 [165 kB]
Get:151 http://archive.ubuntu.com/ubuntu noble/main amd64 python3-xmltodict all 0.13.0-1 [13.4 kB]
Get:152 http://archive.ubuntu.com/ubuntu noble/universe amd64 python3-winrm all 0.4.3-2 [31.9 kB]
Get:153 http://archive.ubuntu.com/ubuntu noble/main amd64 python3-passlib all 1.7.4-4 [476 kB]
Fetched 139 MB in 11s (13.0 MB/s)
Selecting previously unselected package libevent-core-2.1-7t64:amd64.
(Reading database ... 
(Reading database ... 5%
(Reading database ... 10%
(Reading database ... 15%
(Reading database ... 20%
(Reading database ... 25%
(Reading database ... 30%
(Reading database ... 35%
(Reading database ... 40%
(Reading database ... 45%
(Reading database ... 50%
(Reading database ... 55%
(Reading database ... 60%
(Reading database ... 65%
(Reading database ... 70%
(Reading database ... 75%
(Reading database ... 80%
(Reading database ... 85%
(Reading database ... 90%
(Reading database ... 95%
(Reading database ... 100%
(Reading database ... 17356 files and directories currently installed.)
Preparing to unpack .../000-libevent-core-2.1-7t64_2.1.12-stable-9ubuntu2_amd64.deb ...
Unpacking libevent-core-2.1-7t64:amd64 (2.1.12-stable-9ubuntu2) ...
Selecting previously unselected package libldap2:amd64.
Preparing to unpack .../001-libldap2_2.6.7+dfsg-1~exp1ubuntu8_amd64.deb ...
Unpacking libldap2:amd64 (2.6.7+dfsg-1~exp1ubuntu8) ...
Selecting previously unselected package libnfsidmap1:amd64.
Preparing to unpack .../002-libnfsidmap1_1%3a2.6.4-3ubuntu5_amd64.deb ...
Unpacking libnfsidmap1:amd64 (1:2.6.4-3ubuntu5) ...
Selecting previously unselected package rpcbind.
Preparing to unpack .../003-rpcbind_1.2.6-7ubuntu2_amd64.deb ...
Unpacking rpcbind (1.2.6-7ubuntu2) ...
Selecting previously unselected package keyutils.
Preparing to unpack .../004-keyutils_1.6.3-3build1_amd64.deb ...
Unpacking keyutils (1.6.3-3build1) ...
Selecting previously unselected package nfs-common.
Preparing to unpack .../005-nfs-common_1%3a2.6.4-3ubuntu5_amd64.deb ...
Unpacking nfs-common (1:2.6.4-3ubuntu5) ...
Selecting previously unselected package perl-modules-5.38.
Preparing to unpack .../006-perl-modules-5.38_5.38.2-3.2build2_all.deb ...
Unpacking perl-modules-5.38 (5.38.2-3.2build2) ...
Selecting previously unselected package libgdbm-compat4t64:amd64.
Preparing to unpack .../007-libgdbm-compat4t64_1.23-5.1build1_amd64.deb ...
Unpacking libgdbm-compat4t64:amd64 (1.23-5.1build1) ...
Selecting previously unselected package libperl5.38t64:amd64.
Preparing to unpack .../008-libperl5.38t64_5.38.2-3.2build2_amd64.deb ...
Unpacking libperl5.38t64:amd64 (5.38.2-3.2build2) ...
Selecting previously unselected package perl.
Preparing to unpack .../009-perl_5.38.2-3.2build2_amd64.deb ...
Unpacking perl (5.38.2-3.2build2) ...
Selecting previously unselected package python3-cryptography.
Preparing to unpack .../010-python3-cryptography_41.0.7-4ubuntu0.1_amd64.deb ...
Unpacking python3-cryptography (41.0.7-4ubuntu0.1) ...
Selecting previously unselected package python3-markupsafe.
Preparing to unpack .../011-python3-markupsafe_2.1.5-1build2_amd64.deb ...
Unpacking python3-markupsafe (2.1.5-1build2) ...
Selecting previously unselected package python3-jinja2.
Preparing to unpack .../012-python3-jinja2_3.1.2-1ubuntu1.1_all.deb ...
Unpacking python3-jinja2 (3.1.2-1ubuntu1.1) ...
Selecting previously unselected package python3-packaging.
Preparing to unpack .../013-python3-packaging_24.0-1_all.deb ...
Unpacking python3-packaging (24.0-1) ...
Selecting previously unselected package python3-resolvelib.
Preparing to unpack .../014-python3-resolvelib_1.0.1-1_all.deb ...
Unpacking python3-resolvelib (1.0.1-1) ...
Selecting previously unselected package python3-dnspython.
Preparing to unpack .../015-python3-dnspython_2.6.1-1ubuntu1_all.deb ...
Unpacking python3-dnspython (2.6.1-1ubuntu1) ...
Selecting previously unselected package python3-pyparsing.
Preparing to unpack .../016-python3-pyparsing_3.1.1-1_all.deb ...
Unpacking python3-pyparsing (3.1.1-1) ...
Selecting previously unselected package python3-httplib2.
Preparing to unpack .../017-python3-httplib2_0.20.4-3_all.deb ...
Unpacking python3-httplib2 (0.20.4-3) ...
Selecting previously unselected package ieee-data.
Preparing to unpack .../018-ieee-data_20220827.1_all.deb ...
Unpacking ieee-data (20220827.1) ...
Selecting previously unselected package python3-netaddr.
Preparing to unpack .../019-python3-netaddr_0.8.0-2ubuntu1_all.deb ...
Unpacking python3-netaddr (0.8.0-2ubuntu1) ...
Selecting previously unselected package ansible-core.
Preparing to unpack .../020-ansible-core_2.16.3-0ubuntu2_all.deb ...
Unpacking ansible-core (2.16.3-0ubuntu2) ...
Selecting previously unselected package ansible.
Preparing to unpack .../021-ansible_9.2.0+dfsg-0ubuntu5_all.deb ...
Unpacking ansible (9.2.0+dfsg-0ubuntu5) ...
Selecting previously unselected package binutils-common:amd64.
Preparing to unpack .../022-binutils-common_2.42-4ubuntu2_amd64.deb ...
Unpacking binutils-common:amd64 (2.42-4ubuntu2) ...
Selecting previously unselected package libsframe1:amd64.
Preparing to unpack .../023-libsframe1_2.42-4ubuntu2_amd64.deb ...
Unpacking libsframe1:amd64 (2.42-4ubuntu2) ...
Selecting previously unselected package libbinutils:amd64.
Preparing to unpack .../024-libbinutils_2.42-4ubuntu2_amd64.deb ...
Unpacking libbinutils:amd64 (2.42-4ubuntu2) ...
Selecting previously unselected package libctf-nobfd0:amd64.
Preparing to unpack .../025-libctf-nobfd0_2.42-4ubuntu2_amd64.deb ...
Unpacking libctf-nobfd0:amd64 (2.42-4ubuntu2) ...
Selecting previously unselected package libctf0:amd64.
Preparing to unpack .../026-libctf0_2.42-4ubuntu2_amd64.deb ...
Unpacking libctf0:amd64 (2.42-4ubuntu2) ...
Selecting previously unselected package libgprofng0:amd64.
Preparing to unpack .../027-libgprofng0_2.42-4ubuntu2_amd64.deb ...
Unpacking libgprofng0:amd64 (2.42-4ubuntu2) ...
Selecting previously unselected package binutils-x86-64-linux-gnu.
Preparing to unpack .../028-binutils-x86-64-linux-gnu_2.42-4ubuntu2_amd64.deb ...
Unpacking binutils-x86-64-linux-gnu (2.42-4ubuntu2) ...
Selecting previously unselected package binutils.
Preparing to unpack .../029-binutils_2.42-4ubuntu2_amd64.deb ...
Unpacking binutils (2.42-4ubuntu2) ...
Selecting previously unselected package libc-dev-bin.
Preparing to unpack .../030-libc-dev-bin_2.39-0ubuntu8.2_amd64.deb ...
Unpacking libc-dev-bin (2.39-0ubuntu8.2) ...
Selecting previously unselected package linux-libc-dev:amd64.
Preparing to unpack .../031-linux-libc-dev_6.8.0-38.38_amd64.deb ...
Unpacking linux-libc-dev:amd64 (6.8.0-38.38) ...
Selecting previously unselected package libcrypt-dev:amd64.
Preparing to unpack .../032-libcrypt-dev_1%3a4.4.36-4build1_amd64.deb ...
Unpacking libcrypt-dev:amd64 (1:4.4.36-4build1) ...
Selecting previously unselected package rpcsvc-proto.
Preparing to unpack .../033-rpcsvc-proto_1.4.2-0ubuntu7_amd64.deb ...
Unpacking rpcsvc-proto (1.4.2-0ubuntu7) ...
Selecting previously unselected package libc6-dev:amd64.
Preparing to unpack .../034-libc6-dev_2.39-0ubuntu8.2_amd64.deb ...
Unpacking libc6-dev:amd64 (2.39-0ubuntu8.2) ...
Selecting previously unselected package gcc-13-base:amd64.
Preparing to unpack .../035-gcc-13-base_13.2.0-23ubuntu4_amd64.deb ...
Unpacking gcc-13-base:amd64 (13.2.0-23ubuntu4) ...
Selecting previously unselected package libisl23:amd64.
Preparing to unpack .../036-libisl23_0.26-3build1_amd64.deb ...
Unpacking libisl23:amd64 (0.26-3build1) ...
Selecting previously unselected package libmpfr6:amd64.
Preparing to unpack .../037-libmpfr6_4.2.1-1build1_amd64.deb ...
Unpacking libmpfr6:amd64 (4.2.1-1build1) ...
Selecting previously unselected package libmpc3:amd64.
Preparing to unpack .../038-libmpc3_1.3.1-1build1_amd64.deb ...
Unpacking libmpc3:amd64 (1.3.1-1build1) ...
Selecting previously unselected package cpp-13-x86-64-linux-gnu.
Preparing to unpack .../039-cpp-13-x86-64-linux-gnu_13.2.0-23ubuntu4_amd64.deb ...
Unpacking cpp-13-x86-64-linux-gnu (13.2.0-23ubuntu4) ...
Selecting previously unselected package cpp-13.
Preparing to unpack .../040-cpp-13_13.2.0-23ubuntu4_amd64.deb ...
Unpacking cpp-13 (13.2.0-23ubuntu4) ...
Selecting previously unselected package cpp-x86-64-linux-gnu.
Preparing to unpack .../041-cpp-x86-64-linux-gnu_4%3a13.2.0-7ubuntu1_amd64.deb ...
Unpacking cpp-x86-64-linux-gnu (4:13.2.0-7ubuntu1) ...
Selecting previously unselected package cpp.
Preparing to unpack .../042-cpp_4%3a13.2.0-7ubuntu1_amd64.deb ...
Unpacking cpp (4:13.2.0-7ubuntu1) ...
Selecting previously unselected package libcc1-0:amd64.
Preparing to unpack .../043-libcc1-0_14-20240412-0ubuntu1_amd64.deb ...
Unpacking libcc1-0:amd64 (14-20240412-0ubuntu1) ...
Selecting previously unselected package libgomp1:amd64.
Preparing to unpack .../044-libgomp1_14-20240412-0ubuntu1_amd64.deb ...
Unpacking libgomp1:amd64 (14-20240412-0ubuntu1) ...
Selecting previously unselected package libitm1:amd64.
Preparing to unpack .../045-libitm1_14-20240412-0ubuntu1_amd64.deb ...
Unpacking libitm1:amd64 (14-20240412-0ubuntu1) ...
Selecting previously unselected package libatomic1:amd64.
Preparing to unpack .../046-libatomic1_14-20240412-0ubuntu1_amd64.deb ...
Unpacking libatomic1:amd64 (14-20240412-0ubuntu1) ...
Selecting previously unselected package libasan8:amd64.
Preparing to unpack .../047-libasan8_14-20240412-0ubuntu1_amd64.deb ...
Unpacking libasan8:amd64 (14-20240412-0ubuntu1) ...
Selecting previously unselected package liblsan0:amd64.
Preparing to unpack .../048-liblsan0_14-20240412-0ubuntu1_amd64.deb ...
Unpacking liblsan0:amd64 (14-20240412-0ubuntu1) ...
Selecting previously unselected package libtsan2:amd64.
Preparing to unpack .../049-libtsan2_14-20240412-0ubuntu1_amd64.deb ...
Unpacking libtsan2:amd64 (14-20240412-0ubuntu1) ...
Selecting previously unselected package libubsan1:amd64.
Preparing to unpack .../050-libubsan1_14-20240412-0ubuntu1_amd64.deb ...
Unpacking libubsan1:amd64 (14-20240412-0ubuntu1) ...
Selecting previously unselected package libhwasan0:amd64.
Preparing to unpack .../051-libhwasan0_14-20240412-0ubuntu1_amd64.deb ...
Unpacking libhwasan0:amd64 (14-20240412-0ubuntu1) ...
Selecting previously unselected package libquadmath0:amd64.
Preparing to unpack .../052-libquadmath0_14-20240412-0ubuntu1_amd64.deb ...
Unpacking libquadmath0:amd64 (14-20240412-0ubuntu1) ...
Selecting previously unselected package libgcc-13-dev:amd64.
Preparing to unpack .../053-libgcc-13-dev_13.2.0-23ubuntu4_amd64.deb ...
Unpacking libgcc-13-dev:amd64 (13.2.0-23ubuntu4) ...
Selecting previously unselected package gcc-13-x86-64-linux-gnu.
Preparing to unpack .../054-gcc-13-x86-64-linux-gnu_13.2.0-23ubuntu4_amd64.deb ...
Unpacking gcc-13-x86-64-linux-gnu (13.2.0-23ubuntu4) ...
Selecting previously unselected package gcc-13.
Preparing to unpack .../055-gcc-13_13.2.0-23ubuntu4_amd64.deb ...
Unpacking gcc-13 (13.2.0-23ubuntu4) ...
Selecting previously unselected package gcc-x86-64-linux-gnu.
Preparing to unpack .../056-gcc-x86-64-linux-gnu_4%3a13.2.0-7ubuntu1_amd64.deb ...
Unpacking gcc-x86-64-linux-gnu (4:13.2.0-7ubuntu1) ...
Selecting previously unselected package gcc.
Preparing to unpack .../057-gcc_4%3a13.2.0-7ubuntu1_amd64.deb ...
Unpacking gcc (4:13.2.0-7ubuntu1) ...
Selecting previously unselected package libstdc++-13-dev:amd64.
Preparing to unpack .../058-libstdc++-13-dev_13.2.0-23ubuntu4_amd64.deb ...
Unpacking libstdc++-13-dev:amd64 (13.2.0-23ubuntu4) ...
Selecting previously unselected package g++-13-x86-64-linux-gnu.
Preparing to unpack .../059-g++-13-x86-64-linux-gnu_13.2.0-23ubuntu4_amd64.deb ...
Unpacking g++-13-x86-64-linux-gnu (13.2.0-23ubuntu4) ...
Selecting previously unselected package g++-13.
Preparing to unpack .../060-g++-13_13.2.0-23ubuntu4_amd64.deb ...
Unpacking g++-13 (13.2.0-23ubuntu4) ...
Selecting previously unselected package g++-x86-64-linux-gnu.
Preparing to unpack .../061-g++-x86-64-linux-gnu_4%3a13.2.0-7ubuntu1_amd64.deb ...
Unpacking g++-x86-64-linux-gnu (4:13.2.0-7ubuntu1) ...
Selecting previously unselected package g++.
Preparing to unpack .../062-g++_4%3a13.2.0-7ubuntu1_amd64.deb ...
Unpacking g++ (4:13.2.0-7ubuntu1) ...
Selecting previously unselected package make.
Preparing to unpack .../063-make_4.3-4.1build2_amd64.deb ...
Unpacking make (4.3-4.1build2) ...
Selecting previously unselected package libdpkg-perl.
Preparing to unpack .../064-libdpkg-perl_1.22.6ubuntu6_all.deb ...
Unpacking libdpkg-perl (1.22.6ubuntu6) ...
Selecting previously unselected package bzip2.
Preparing to unpack .../065-bzip2_1.0.8-5.1_amd64.deb ...
Unpacking bzip2 (1.0.8-5.1) ...
Selecting previously unselected package patch.
Preparing to unpack .../066-patch_2.7.6-7build3_amd64.deb ...
Unpacking patch (2.7.6-7build3) ...
Selecting previously unselected package lto-disabled-list.
Preparing to unpack .../067-lto-disabled-list_47_all.deb ...
Unpacking lto-disabled-list (47) ...
Selecting previously unselected package dpkg-dev.
Preparing to unpack .../068-dpkg-dev_1.22.6ubuntu6_all.deb ...
Unpacking dpkg-dev (1.22.6ubuntu6) ...
Selecting previously unselected package build-essential.
Preparing to unpack .../069-build-essential_12.10ubuntu1_amd64.deb ...
Unpacking build-essential (12.10ubuntu1) ...
Selecting previously unselected package gpgconf.
Preparing to unpack .../070-gpgconf_2.4.4-2ubuntu17_amd64.deb ...
Unpacking gpgconf (2.4.4-2ubuntu17) ...
Selecting previously unselected package libksba8:amd64.
Preparing to unpack .../071-libksba8_1.6.6-1build1_amd64.deb ...
Unpacking libksba8:amd64 (1.6.6-1build1) ...
Selecting previously unselected package dirmngr.
Preparing to unpack .../072-dirmngr_2.4.4-2ubuntu17_amd64.deb ...
Unpacking dirmngr (2.4.4-2ubuntu17) ...
Selecting previously unselected package libfakeroot:amd64.
Preparing to unpack .../073-libfakeroot_1.33-1_amd64.deb ...
Unpacking libfakeroot:amd64 (1.33-1) ...
Selecting previously unselected package fakeroot.
Preparing to unpack .../074-fakeroot_1.33-1_amd64.deb ...
Unpacking fakeroot (1.33-1) ...
Selecting previously unselected package fonts-dejavu-mono.
Preparing to unpack .../075-fonts-dejavu-mono_2.37-8_all.deb ...
Unpacking fonts-dejavu-mono (2.37-8) ...
Selecting previously unselected package fonts-dejavu-core.
Preparing to unpack .../076-fonts-dejavu-core_2.37-8_all.deb ...
Unpacking fonts-dejavu-core (2.37-8) ...
Selecting previously unselected package fontconfig-config.
Preparing to unpack .../077-fontconfig-config_2.15.0-1.1ubuntu2_amd64.deb ...
Unpacking fontconfig-config (2.15.0-1.1ubuntu2) ...
Selecting previously unselected package libbrotli1:amd64.
Preparing to unpack .../078-libbrotli1_1.1.0-2build2_amd64.deb ...
Unpacking libbrotli1:amd64 (1.1.0-2build2) ...
Selecting previously unselected package librtmp1:amd64.
Preparing to unpack .../079-librtmp1_2.4+20151223.gitfa8646d.1-2build7_amd64.deb ...
Unpacking librtmp1:amd64 (2.4+20151223.gitfa8646d.1-2build7) ...
Selecting previously unselected package libssh-4:amd64.
Preparing to unpack .../080-libssh-4_0.10.6-2build2_amd64.deb ...
Unpacking libssh-4:amd64 (0.10.6-2build2) ...
Selecting previously unselected package libcurl3t64-gnutls:amd64.
Preparing to unpack .../081-libcurl3t64-gnutls_8.5.0-2ubuntu10.1_amd64.deb ...
Unpacking libcurl3t64-gnutls:amd64 (8.5.0-2ubuntu10.1) ...
Selecting previously unselected package liberror-perl.
Preparing to unpack .../082-liberror-perl_0.17029-2_all.deb ...
Unpacking liberror-perl (0.17029-2) ...
Selecting previously unselected package git-man.
Preparing to unpack .../083-git-man_1%3a2.43.0-1ubuntu7.1_all.deb ...
Unpacking git-man (1:2.43.0-1ubuntu7.1) ...
Selecting previously unselected package git.
Preparing to unpack .../084-git_1%3a2.43.0-1ubuntu7.1_amd64.deb ...
Unpacking git (1:2.43.0-1ubuntu7.1) ...
Selecting previously unselected package gnupg-utils.
Preparing to unpack .../085-gnupg-utils_2.4.4-2ubuntu17_amd64.deb ...
Unpacking gnupg-utils (2.4.4-2ubuntu17) ...
Selecting previously unselected package gpg.
Preparing to unpack .../086-gpg_2.4.4-2ubuntu17_amd64.deb ...
Unpacking gpg (2.4.4-2ubuntu17) ...
Selecting previously unselected package pinentry-curses.
Preparing to unpack .../087-pinentry-curses_1.2.1-3ubuntu5_amd64.deb ...
Unpacking pinentry-curses (1.2.1-3ubuntu5) ...
Selecting previously unselected package gpg-agent.
Preparing to unpack .../088-gpg-agent_2.4.4-2ubuntu17_amd64.deb ...
Unpacking gpg-agent (2.4.4-2ubuntu17) ...
Selecting previously unselected package gpgsm.
Preparing to unpack .../089-gpgsm_2.4.4-2ubuntu17_amd64.deb ...
Unpacking gpgsm (2.4.4-2ubuntu17) ...
Selecting previously unselected package keyboxd.
Preparing to unpack .../090-keyboxd_2.4.4-2ubuntu17_amd64.deb ...
Unpacking keyboxd (2.4.4-2ubuntu17) ...
Selecting previously unselected package gnupg.
Preparing to unpack .../091-gnupg_2.4.4-2ubuntu17_all.deb ...
Unpacking gnupg (2.4.4-2ubuntu17) ...
Selecting previously unselected package gnupg-l10n.
Preparing to unpack .../092-gnupg-l10n_2.4.4-2ubuntu17_all.deb ...
Unpacking gnupg-l10n (2.4.4-2ubuntu17) ...
Selecting previously unselected package gpg-wks-client.
Preparing to unpack .../093-gpg-wks-client_2.4.4-2ubuntu17_amd64.deb ...
Unpacking gpg-wks-client (2.4.4-2ubuntu17) ...
Selecting previously unselected package javascript-common.
Preparing to unpack .../094-javascript-common_11+nmu1_all.deb ...
Unpacking javascript-common (11+nmu1) ...
Selecting previously unselected package libalgorithm-diff-perl.
Preparing to unpack .../095-libalgorithm-diff-perl_1.201-1_all.deb ...
Unpacking libalgorithm-diff-perl (1.201-1) ...
Selecting previously unselected package libalgorithm-diff-xs-perl:amd64.
Preparing to unpack .../096-libalgorithm-diff-xs-perl_0.04-8build3_amd64.deb ...
Unpacking libalgorithm-diff-xs-perl:amd64 (0.04-8build3) ...
Selecting previously unselected package libalgorithm-merge-perl.
Preparing to unpack .../097-libalgorithm-merge-perl_0.08-5_all.deb ...
Unpacking libalgorithm-merge-perl (0.08-5) ...
Selecting previously unselected package libaom3:amd64.
Preparing to unpack .../098-libaom3_3.8.2-2ubuntu0.1_amd64.deb ...
Unpacking libaom3:amd64 (3.8.2-2ubuntu0.1) ...
Selecting previously unselected package libfreetype6:amd64.
Preparing to unpack .../099-libfreetype6_2.13.2+dfsg-1build3_amd64.deb ...
Unpacking libfreetype6:amd64 (2.13.2+dfsg-1build3) ...
Selecting previously unselected package libfontconfig1:amd64.
Preparing to unpack .../100-libfontconfig1_2.15.0-1.1ubuntu2_amd64.deb ...
Unpacking libfontconfig1:amd64 (2.15.0-1.1ubuntu2) ...
Selecting previously unselected package libsharpyuv0:amd64.
Preparing to unpack .../101-libsharpyuv0_1.3.2-0.4build3_amd64.deb ...
Unpacking libsharpyuv0:amd64 (1.3.2-0.4build3) ...
Selecting previously unselected package libheif-plugin-aomdec:amd64.
Preparing to unpack .../102-libheif-plugin-aomdec_1.17.6-1ubuntu4_amd64.deb ...
Unpacking libheif-plugin-aomdec:amd64 (1.17.6-1ubuntu4) ...
Selecting previously unselected package libde265-0:amd64.
Preparing to unpack .../103-libde265-0_1.0.15-1build3_amd64.deb ...
Unpacking libde265-0:amd64 (1.0.15-1build3) ...
Selecting previously unselected package libheif-plugin-libde265:amd64.
Preparing to unpack .../104-libheif-plugin-libde265_1.17.6-1ubuntu4_amd64.deb ...
Unpacking libheif-plugin-libde265:amd64 (1.17.6-1ubuntu4) ...
Selecting previously unselected package libheif1:amd64.
Preparing to unpack .../105-libheif1_1.17.6-1ubuntu4_amd64.deb ...
Unpacking libheif1:amd64 (1.17.6-1ubuntu4) ...
Selecting previously unselected package libjpeg-turbo8:amd64.
Preparing to unpack .../106-libjpeg-turbo8_2.1.5-2ubuntu2_amd64.deb ...
Unpacking libjpeg-turbo8:amd64 (2.1.5-2ubuntu2) ...
Selecting previously unselected package libjpeg8:amd64.
Preparing to unpack .../107-libjpeg8_8c-2ubuntu11_amd64.deb ...
Unpacking libjpeg8:amd64 (8c-2ubuntu11) ...
Selecting previously unselected package libdeflate0:amd64.
Preparing to unpack .../108-libdeflate0_1.19-1build1_amd64.deb ...
Unpacking libdeflate0:amd64 (1.19-1build1) ...
Selecting previously unselected package libjbig0:amd64.
Preparing to unpack .../109-libjbig0_2.1-6.1ubuntu2_amd64.deb ...
Unpacking libjbig0:amd64 (2.1-6.1ubuntu2) ...
Selecting previously unselected package liblerc4:amd64.
Preparing to unpack .../110-liblerc4_4.0.0+ds-4ubuntu2_amd64.deb ...
Unpacking liblerc4:amd64 (4.0.0+ds-4ubuntu2) ...
Selecting previously unselected package libwebp7:amd64.
Preparing to unpack .../111-libwebp7_1.3.2-0.4build3_amd64.deb ...
Unpacking libwebp7:amd64 (1.3.2-0.4build3) ...
Selecting previously unselected package libtiff6:amd64.
Preparing to unpack .../112-libtiff6_4.5.1+git230720-4ubuntu2.1_amd64.deb ...
Unpacking libtiff6:amd64 (4.5.1+git230720-4ubuntu2.1) ...
Selecting previously unselected package libxpm4:amd64.
Preparing to unpack .../113-libxpm4_1%3a3.5.17-1build2_amd64.deb ...
Unpacking libxpm4:amd64 (1:3.5.17-1build2) ...
Selecting previously unselected package libgd3:amd64.
Preparing to unpack .../114-libgd3_2.3.3-9ubuntu5_amd64.deb ...
Unpacking libgd3:amd64 (2.3.3-9ubuntu5) ...
Selecting previously unselected package libc-devtools.
Preparing to unpack .../115-libc-devtools_2.39-0ubuntu8.2_amd64.deb ...
Unpacking libc-devtools (2.39-0ubuntu8.2) ...
Selecting previously unselected package libexpat1-dev:amd64.
Preparing to unpack .../116-libexpat1-dev_2.6.1-2build1_amd64.deb ...
Unpacking libexpat1-dev:amd64 (2.6.1-2build1) ...
Selecting previously unselected package libfile-fcntllock-perl.
Preparing to unpack .../117-libfile-fcntllock-perl_0.22-4ubuntu5_amd64.deb ...
Unpacking libfile-fcntllock-perl (0.22-4ubuntu5) ...
Selecting previously unselected package libheif-plugin-aomenc:amd64.
Preparing to unpack .../118-libheif-plugin-aomenc_1.17.6-1ubuntu4_amd64.deb ...
Unpacking libheif-plugin-aomenc:amd64 (1.17.6-1ubuntu4) ...
Selecting previously unselected package libjs-jquery.
Preparing to unpack .../119-libjs-jquery_3.6.1+dfsg+~3.5.14-1_all.deb ...
Unpacking libjs-jquery (3.6.1+dfsg+~3.5.14-1) ...
Selecting previously unselected package libjs-underscore.
Preparing to unpack .../120-libjs-underscore_1.13.4~dfsg+~1.11.4-3_all.deb ...
Unpacking libjs-underscore (1.13.4~dfsg+~1.11.4-3) ...
Selecting previously unselected package libjs-sphinxdoc.
Preparing to unpack .../121-libjs-sphinxdoc_7.2.6-6_all.deb ...
Unpacking libjs-sphinxdoc (7.2.6-6) ...
Selecting previously unselected package libldap-common.
Preparing to unpack .../122-libldap-common_2.6.7+dfsg-1~exp1ubuntu8_all.deb ...
Unpacking libldap-common (2.6.7+dfsg-1~exp1ubuntu8) ...
Selecting previously unselected package libpython3.12t64:amd64.
Preparing to unpack .../123-libpython3.12t64_3.12.3-1_amd64.deb ...
Unpacking libpython3.12t64:amd64 (3.12.3-1) ...
Selecting previously unselected package zlib1g-dev:amd64.
Preparing to unpack .../124-zlib1g-dev_1%3a1.3.dfsg-3.1ubuntu2_amd64.deb ...
Unpacking zlib1g-dev:amd64 (1:1.3.dfsg-3.1ubuntu2) ...
Selecting previously unselected package libpython3.12-dev:amd64.
Preparing to unpack .../125-libpython3.12-dev_3.12.3-1_amd64.deb ...
Unpacking libpython3.12-dev:amd64 (3.12.3-1) ...
Selecting previously unselected package libpython3-dev:amd64.
Preparing to unpack .../126-libpython3-dev_3.12.3-0ubuntu1_amd64.deb ...
Unpacking libpython3-dev:amd64 (3.12.3-0ubuntu1) ...
Selecting previously unselected package manpages-dev.
Preparing to unpack .../127-manpages-dev_6.7-2_all.deb ...
Unpacking manpages-dev (6.7-2) ...
Selecting previously unselected package python-babel-localedata.
Preparing to unpack .../128-python-babel-localedata_2.10.3-3build1_all.deb ...
Unpacking python-babel-localedata (2.10.3-3build1) ...
Selecting previously unselected package python3-argcomplete.
Preparing to unpack .../129-python3-argcomplete_3.1.4-1_all.deb ...
Unpacking python3-argcomplete (3.1.4-1) ...
Selecting previously unselected package python3-tz.
Preparing to unpack .../130-python3-tz_2024.1-2_all.deb ...
Unpacking python3-tz (2024.1-2) ...
Selecting previously unselected package python3-babel.
Preparing to unpack .../131-python3-babel_2.10.3-3build1_all.deb ...
Unpacking python3-babel (2.10.3-3build1) ...
Selecting previously unselected package python3-certifi.
Preparing to unpack .../132-python3-certifi_2023.11.17-1_all.deb ...
Unpacking python3-certifi (2023.11.17-1) ...
Selecting previously unselected package python3-chardet.
Preparing to unpack .../133-python3-chardet_5.2.0+dfsg-1_all.deb ...
Unpacking python3-chardet (5.2.0+dfsg-1) ...
Selecting previously unselected package python3.12-dev.
Preparing to unpack .../134-python3.12-dev_3.12.3-1_amd64.deb ...
Unpacking python3.12-dev (3.12.3-1) ...
Selecting previously unselected package python3-dev.
Preparing to unpack .../135-python3-dev_3.12.3-0ubuntu1_amd64.deb ...
Unpacking python3-dev (3.12.3-0ubuntu1) ...
Selecting previously unselected package python3-idna.
Preparing to unpack .../136-python3-idna_3.6-2ubuntu0.1_all.deb ...
Unpacking python3-idna (3.6-2ubuntu0.1) ...
Selecting previously unselected package python3-jmespath.
Preparing to unpack .../137-python3-jmespath_1.0.1-1_all.deb ...
Unpacking python3-jmespath (1.0.1-1) ...
Selecting previously unselected package python3-kerberos.
Preparing to unpack .../138-python3-kerberos_1.1.14-3.1build9_amd64.deb ...
Unpacking python3-kerberos (1.1.14-3.1build9) ...
Selecting previously unselected package python3-lockfile.
Preparing to unpack .../139-python3-lockfile_1%3a0.12.2-3_all.deb ...
Unpacking python3-lockfile (1:0.12.2-3) ...
Selecting previously unselected package python3-simplejson.
Preparing to unpack .../140-python3-simplejson_3.19.2-1build2_amd64.deb ...
Unpacking python3-simplejson (3.19.2-1build2) ...
Selecting previously unselected package python3-urllib3.
Preparing to unpack .../141-python3-urllib3_2.0.7-1_all.deb ...
Unpacking python3-urllib3 (2.0.7-1) ...
Selecting previously unselected package python3-requests.
Preparing to unpack .../142-python3-requests_2.31.0+dfsg-1ubuntu1_all.deb ...
Unpacking python3-requests (2.31.0+dfsg-1ubuntu1) ...
Selecting previously unselected package python3-libcloud.
Preparing to unpack .../143-python3-libcloud_3.4.1-5_all.deb ...
Unpacking python3-libcloud (3.4.1-5) ...
Selecting previously unselected package python3-ntlm-auth.
Preparing to unpack .../144-python3-ntlm-auth_1.5.0-1_all.deb ...
Unpacking python3-ntlm-auth (1.5.0-1) ...
Selecting previously unselected package python3-setuptools.
Preparing to unpack .../145-python3-setuptools_68.1.2-2ubuntu1_all.deb ...
Unpacking python3-setuptools (68.1.2-2ubuntu1) ...
Selecting previously unselected package python3-wheel.
Preparing to unpack .../146-python3-wheel_0.42.0-2_all.deb ...
Unpacking python3-wheel (0.42.0-2) ...
Selecting previously unselected package python3-pip.
Preparing to unpack .../147-python3-pip_24.0+dfsg-1ubuntu1_all.deb ...
Unpacking python3-pip (24.0+dfsg-1ubuntu1) ...
Selecting previously unselected package python3-requests-ntlm.
Preparing to unpack .../148-python3-requests-ntlm_1.1.0-3_all.deb ...
Unpacking python3-requests-ntlm (1.1.0-3) ...
Selecting previously unselected package python3-selinux.
Preparing to unpack .../149-python3-selinux_3.5-2ubuntu2_amd64.deb ...
Unpacking python3-selinux (3.5-2ubuntu2) ...
Selecting previously unselected package python3-xmltodict.
Preparing to unpack .../150-python3-xmltodict_0.13.0-1_all.deb ...
Unpacking python3-xmltodict (0.13.0-1) ...
Selecting previously unselected package python3-winrm.
Preparing to unpack .../151-python3-winrm_0.4.3-2_all.deb ...
Unpacking python3-winrm (0.4.3-2) ...
Selecting previously unselected package python3-passlib.
Preparing to unpack .../152-python3-passlib_1.7.4-4_all.deb ...
Unpacking python3-passlib (1.7.4-4) ...
Setting up libksba8:amd64 (1.6.6-1build1) ...
Setting up pinentry-curses (1.2.1-3ubuntu5) ...
Setting up javascript-common (11+nmu1) ...
Setting up python3-lockfile (1:0.12.2-3) ...
Setting up libsharpyuv0:amd64 (1.3.2-0.4build3) ...
Setting up libaom3:amd64 (3.8.2-2ubuntu0.1) ...
Setting up manpages-dev (6.7-2) ...
Setting up lto-disabled-list (47) ...
Setting up liblerc4:amd64 (4.0.0+ds-4ubuntu2) ...
Setting up python3-setuptools (68.1.2-2ubuntu1) ...
Setting up libxpm4:amd64 (1:3.5.17-1build2) ...
Setting up python3-passlib (1.7.4-4) ...
Setting up libgdbm-compat4t64:amd64 (1.23-5.1build1) ...
Setting up python3-ntlm-auth (1.5.0-1) ...
Setting up libbrotli1:amd64 (1.1.0-2build2) ...
Setting up binutils-common:amd64 (2.42-4ubuntu2) ...
Setting up python3-resolvelib (1.0.1-1) ...
Setting up libdeflate0:amd64 (1.19-1build1) ...
Setting up linux-libc-dev:amd64 (6.8.0-38.38) ...
Setting up python3-kerberos (1.1.14-3.1build9) ...
Setting up libctf-nobfd0:amd64 (2.42-4ubuntu2) ...
Setting up rpcbind (1.2.6-7ubuntu2) ...
Created symlink /etc/systemd/system/multi-user.target.wants/rpcbind.service -> /usr/lib/systemd/system/rpcbind.service.

Created symlink /etc/systemd/system/sockets.target.wants/rpcbind.socket -> /usr/lib/systemd/system/rpcbind.socket.

Setting up libgomp1:amd64 (14-20240412-0ubuntu1) ...
Setting up bzip2 (1.0.8-5.1) ...
Setting up libldap-common (2.6.7+dfsg-1~exp1ubuntu8) ...
Setting up python3-markupsafe (2.1.5-1build2) ...
Setting up python3-wheel (0.42.0-2) ...
Setting up libjbig0:amd64 (2.1-6.1ubuntu2) ...
Setting up libsframe1:amd64 (2.42-4ubuntu2) ...
Setting up python3-tz (2024.1-2) ...
Setting up libfakeroot:amd64 (1.33-1) ...
Setting up python-babel-localedata (2.10.3-3build1) ...
Setting up fakeroot (1.33-1) ...
update-alternatives: using /usr/bin/fakeroot-sysv to provide /usr/bin/fakeroot (fakeroot) in auto mode
Setting up libpython3.12t64:amd64 (3.12.3-1) ...
Setting up python3-simplejson (3.19.2-1build2) ...
Setting up python3-xmltodict (0.13.0-1) ...
Setting up python3-jinja2 (3.1.2-1ubuntu1.1) ...
Setting up python3-packaging (24.0-1) ...
Setting up rpcsvc-proto (1.4.2-0ubuntu7) ...
Setting up python3-chardet (5.2.0+dfsg-1) ...
Setting up gcc-13-base:amd64 (13.2.0-23ubuntu4) ...
Setting up python3-pyparsing (3.1.1-1) ...
Setting up libfreetype6:amd64 (2.13.2+dfsg-1build3) ...
Setting up python3-certifi (2023.11.17-1) ...
Setting up make (4.3-4.1build2) ...
Setting up libmpfr6:amd64 (4.2.1-1build1) ...
Setting up gnupg-l10n (2.4.4-2ubuntu17) ...
Setting up librtmp1:amd64 (2.4+20151223.gitfa8646d.1-2build7) ...
Setting up python3-jmespath (1.0.1-1) ...
Setting up python3-cryptography (41.0.7-4ubuntu0.1) ...
Setting up perl-modules-5.38 (5.38.2-3.2build2) ...
Setting up libquadmath0:amd64 (14-20240412-0ubuntu1) ...
Setting up fonts-dejavu-mono (2.37-8) ...
Setting up libmpc3:amd64 (1.3.1-1build1) ...
Setting up libatomic1:amd64 (14-20240412-0ubuntu1) ...
Setting up python3-idna (3.6-2ubuntu0.1) ...
Setting up patch (2.7.6-7build3) ...
Setting up fonts-dejavu-core (2.37-8) ...
Setting up python3-pip (24.0+dfsg-1ubuntu1) ...
Setting up libjpeg-turbo8:amd64 (2.1.5-2ubuntu2) ...
Setting up libssh-4:amd64 (0.10.6-2build2) ...
Setting up python3-urllib3 (2.0.7-1) ...
Setting up libwebp7:amd64 (1.3.2-0.4build3) ...
Setting up libubsan1:amd64 (14-20240412-0ubuntu1) ...
Setting up keyutils (1.6.3-3build1) ...
Setting up ieee-data (20220827.1) ...
Setting up libhwasan0:amd64 (14-20240412-0ubuntu1) ...
Setting up python3-dnspython (2.6.1-1ubuntu1) ...
Setting up libcrypt-dev:amd64 (1:4.4.36-4build1) ...
Setting up libasan8:amd64 (14-20240412-0ubuntu1) ...
Setting up gpgconf (2.4.4-2ubuntu17) ...
Setting up python3-selinux (3.5-2ubuntu2) ...
Setting up python3-httplib2 (0.20.4-3) ...
Setting up git-man (1:2.43.0-1ubuntu7.1) ...
Setting up libevent-core-2.1-7t64:amd64 (2.1.12-stable-9ubuntu2) ...
Setting up libperl5.38t64:amd64 (5.38.2-3.2build2) ...
Setting up libtsan2:amd64 (14-20240412-0ubuntu1) ...
Setting up libjs-jquery (3.6.1+dfsg+~3.5.14-1) ...
Setting up libbinutils:amd64 (2.42-4ubuntu2) ...
Setting up libisl23:amd64 (0.26-3build1) ...
Setting up libde265-0:amd64 (1.0.15-1build3) ...
Setting up libc-dev-bin (2.39-0ubuntu8.2) ...
Setting up python3-argcomplete (3.1.4-1) ...
Setting up libcc1-0:amd64 (14-20240412-0ubuntu1) ...
Setting up libldap2:amd64 (2.6.7+dfsg-1~exp1ubuntu8) ...
Setting up gpg (2.4.4-2ubuntu17) ...
Setting up liblsan0:amd64 (14-20240412-0ubuntu1) ...
Setting up libitm1:amd64 (14-20240412-0ubuntu1) ...
Setting up libjs-underscore (1.13.4~dfsg+~1.11.4-3) ...
Setting up gnupg-utils (2.4.4-2ubuntu17) ...
Setting up libctf0:amd64 (2.42-4ubuntu2) ...
Setting up libjpeg8:amd64 (8c-2ubuntu11) ...
Setting up libnfsidmap1:amd64 (1:2.6.4-3ubuntu5) ...
Setting up gpg-agent (2.4.4-2ubuntu17) ...
Created symlink /etc/systemd/user/sockets.target.wants/gpg-agent.socket -> /usr/lib/systemd/user/gpg-agent.socket.

Created symlink /etc/systemd/user/sockets.target.wants/gpg-agent-ssh.socket -> /usr/lib/systemd/user/gpg-agent-ssh.socket.

Created symlink /etc/systemd/user/sockets.target.wants/gpg-agent-extra.socket -> /usr/lib/systemd/user/gpg-agent-extra.socket.

Created symlink /etc/systemd/user/sockets.target.wants/gpg-agent-browser.socket -> /usr/lib/systemd/user/gpg-agent-browser.socket.

Setting up python3-babel (2.10.3-3build1) ...
update-alternatives: using /usr/bin/pybabel-python3 to provide /usr/bin/pybabel (pybabel) in auto mode
Setting up cpp-13-x86-64-linux-gnu (13.2.0-23ubuntu4) ...
Setting up fontconfig-config (2.15.0-1.1ubuntu2) ...
Setting up gpgsm (2.4.4-2ubuntu17) ...
Setting up libcurl3t64-gnutls:amd64 (8.5.0-2ubuntu10.1) ...
Setting up nfs-common (1:2.6.4-3ubuntu5) ...
debconf: unable to initialize frontend: Dialog
debconf: (TERM is not set, so the dialog frontend is not usable.)
debconf: falling back to frontend: Readline
debconf: unable to initialize frontend: Readline
debconf: (This frontend requires a controlling tty.)
debconf: falling back to frontend: Teletype

Creating config file /etc/idmapd.conf with new version
debconf: unable to initialize frontend: Dialog
debconf: (TERM is not set, so the dialog frontend is not usable.)
debconf: falling back to frontend: Readline
debconf: unable to initialize frontend: Readline
debconf: (This frontend requires a controlling tty.)
debconf: falling back to frontend: Teletype
debconf: unable to initialize frontend: Dialog
debconf: (TERM is not set, so the dialog frontend is not usable.)
debconf: falling back to frontend: Readline
debconf: unable to initialize frontend: Readline
debconf: (This frontend requires a controlling tty.)
debconf: falling back to frontend: Teletype

Creating config file /etc/nfs.conf with new version
info: Selecting UID from range 100 to 999 ...

info: Adding system user `statd' (UID 108) ...
info: Adding new user `statd' (UID 108) with group `nogroup' ...
info: Not creating home directory `/var/lib/nfs'.
Created symlink /etc/systemd/system/multi-user.target.wants/nfs-client.target -> /usr/lib/systemd/system/nfs-client.target.

Created symlink /etc/systemd/system/remote-fs.target.wants/nfs-client.target -> /usr/lib/systemd/system/nfs-client.target.

auth-rpcgss-module.service is a disabled or a static unit, not starting it.
nfs-idmapd.service is a disabled or a static unit, not starting it.
nfs-utils.service is a disabled or a static unit, not starting it.
proc-fs-nfsd.mount is a disabled or a static unit, not starting it.
rpc-gssd.service is a disabled or a static unit, not starting it.
rpc-statd-notify.service is a disabled or a static unit, not starting it.
rpc-statd.service is a disabled or a static unit, not starting it.
rpc-svcgssd.service is a disabled or a static unit, not starting it.
Setting up dirmngr (2.4.4-2ubuntu17) ...
Created symlink /etc/systemd/user/sockets.target.wants/dirmngr.socket -> /usr/lib/systemd/user/dirmngr.socket.

Setting up perl (5.38.2-3.2build2) ...
Setting up libgprofng0:amd64 (2.42-4ubuntu2) ...
Setting up python3-requests (2.31.0+dfsg-1ubuntu1) ...
Setting up keyboxd (2.4.4-2ubuntu17) ...
Created symlink /etc/systemd/user/sockets.target.wants/keyboxd.socket -> /usr/lib/systemd/user/keyboxd.socket.

Setting up libjs-sphinxdoc (7.2.6-6) ...
Setting up libdpkg-perl (1.22.6ubuntu6) ...
Setting up python3-netaddr (0.8.0-2ubuntu1) ...
Setting up libgcc-13-dev:amd64 (13.2.0-23ubuntu4) ...
Setting up libtiff6:amd64 (4.5.1+git230720-4ubuntu2.1) ...
Setting up gnupg (2.4.4-2ubuntu17) ...
Setting up libc6-dev:amd64 (2.39-0ubuntu8.2) ...
Setting up libfontconfig1:amd64 (2.15.0-1.1ubuntu2) ...
Setting up libstdc++-13-dev:amd64 (13.2.0-23ubuntu4) ...
Setting up binutils-x86-64-linux-gnu (2.42-4ubuntu2) ...
Setting up cpp-x86-64-linux-gnu (4:13.2.0-7ubuntu1) ...
Setting up python3-requests-ntlm (1.1.0-3) ...
Setting up gpg-wks-client (2.4.4-2ubuntu17) ...
Setting up cpp-13 (13.2.0-23ubuntu4) ...
Setting up libfile-fcntllock-perl (0.22-4ubuntu5) ...
Setting up libalgorithm-diff-perl (1.201-1) ...
Setting up gcc-13-x86-64-linux-gnu (13.2.0-23ubuntu4) ...
Setting up ansible-core (2.16.3-0ubuntu2) ...
Setting up python3-libcloud (3.4.1-5) ...
Setting up binutils (2.42-4ubuntu2) ...
Setting up dpkg-dev (1.22.6ubuntu6) ...
Setting up liberror-perl (0.17029-2) ...
Setting up libexpat1-dev:amd64 (2.6.1-2build1) ...
Setting up gcc-13 (13.2.0-23ubuntu4) ...
Setting up git (1:2.43.0-1ubuntu7.1) ...
Setting up zlib1g-dev:amd64 (1:1.3.dfsg-3.1ubuntu2) ...
Setting up cpp (4:13.2.0-7ubuntu1) ...
Setting up python3-winrm (0.4.3-2) ...
Setting up ansible (9.2.0+dfsg-0ubuntu5) ...
Setting up libalgorithm-diff-xs-perl:amd64 (0.04-8build3) ...
Setting up libalgorithm-merge-perl (0.08-5) ...
Setting up g++-13-x86-64-linux-gnu (13.2.0-23ubuntu4) ...
Setting up gcc-x86-64-linux-gnu (4:13.2.0-7ubuntu1) ...
Setting up libpython3.12-dev:amd64 (3.12.3-1) ...
Setting up gcc (4:13.2.0-7ubuntu1) ...
Setting up python3.12-dev (3.12.3-1) ...
Setting up g++-x86-64-linux-gnu (4:13.2.0-7ubuntu1) ...
Setting up g++-13 (13.2.0-23ubuntu4) ...
Setting up libpython3-dev:amd64 (3.12.3-0ubuntu1) ...
Setting up python3-dev (3.12.3-0ubuntu1) ...
Setting up g++ (4:13.2.0-7ubuntu1) ...
update-alternatives: using /usr/bin/g++ to provide /usr/bin/c++ (c++) in auto mode
Setting up build-essential (12.10ubuntu1) ...
Setting up libheif1:amd64 (1.17.6-1ubuntu4) ...
Setting up libgd3:amd64 (2.3.3-9ubuntu5) ...
Setting up libc-devtools (2.39-0ubuntu8.2) ...
Setting up libheif-plugin-aomdec:amd64 (1.17.6-1ubuntu4) ...
Setting up libheif-plugin-libde265:amd64 (1.17.6-1ubuntu4) ...
Setting up libheif-plugin-aomenc:amd64 (1.17.6-1ubuntu4) ...
Processing triggers for libc-bin (2.39-0ubuntu8.2) ...
Processing triggers for man-db (2.12.0-4build2) ...
Processing triggers for install-info (7.1-3build2) ...
Creating user gla...
Setting up SSH for gla...
Disabling root SSH login...
Setting ping capabilities...
Cleaning up...
All tasks completed.
Warning: Permanently added '192.168.112.2' (ED25519) to the list of known hosts.

WARNING: apt does not have a stable CLI interface. Use with caution in scripts.


WARNING: apt does not have a stable CLI interface. Use with caution in scripts.

debconf: unable to initialize frontend: Dialog
debconf: (TERM is not set, so the dialog frontend is not usable.)
debconf: falling back to frontend: Readline
debconf: unable to initialize frontend: Readline
debconf: (Can't locate Term/ReadLine.pm in @INC (you may need to install the Term::ReadLine module) (@INC entries checked: /etc/perl /usr/local/lib/x86_64-linux-gnu/perl/5.38.2 /usr/local/share/perl/5.38.2 /usr/lib/x86_64-linux-gnu/perl5/5.38 /usr/share/perl5 /usr/lib/x86_64-linux-gnu/perl-base /usr/lib/x86_64-linux-gnu/perl/5.38 /usr/share/perl/5.38 /usr/local/lib/site_perl) at /usr/share/perl5/Debconf/FrontEnd/Readline.pm line 8, <STDIN> line 44.)
debconf: falling back to frontend: Teletype
dpkg-preconfigure: unable to re-open stdin: 

WARNING: apt does not have a stable CLI interface. Use with caution in scripts.

debconf: unable to initialize frontend: Dialog
debconf: (TERM is not set, so the dialog frontend is not usable.)
debconf: falling back to frontend: Readline
debconf: unable to initialize frontend: Readline
debconf: (Can't locate Term/ReadLine.pm in @INC (you may need to install the Term::ReadLine module) (@INC entries checked: /etc/perl /usr/local/lib/x86_64-linux-gnu/perl/5.38.2 /usr/local/share/perl/5.38.2 /usr/lib/x86_64-linux-gnu/perl5/5.38 /usr/share/perl5 /usr/lib/x86_64-linux-gnu/perl-base /usr/lib/x86_64-linux-gnu/perl/5.38 /usr/share/perl/5.38 /usr/local/lib/site_perl) at /usr/share/perl5/Debconf/FrontEnd/Readline.pm line 8, <STDIN> line 153.)
debconf: falling back to frontend: Teletype
dpkg-preconfigure: unable to re-open stdin: 
Remote setup completed successfully.
